{"meta": {"format": 3, "version": "7.13.1", "timestamp": "2026-01-15T21:34:08.266203", "branch_coverage": false, "show_contexts": false}, "files": {"config.py": {"executed_lines": [6, 7, 8, 10, 12, 15, 18, 19, 22, 23, 24, 25, 26, 27, 28, 31, 32, 35, 36, 37, 40, 43, 45, 47, 48, 50, 51, 55, 56, 61, 67, 68, 73, 78, 79, 84, 89, 90, 95, 100, 102, 103, 106, 108, 109, 111, 112, 113, 115, 116, 117, 119, 121, 123, 125, 126, 128, 129, 130, 131, 132, 133, 135, 137, 138, 140, 141, 142, 143, 144, 145, 147, 150, 151, 155, 156, 157, 160, 176, 179, 182, 183, 184, 187, 190, 192, 194, 196, 198, 199, 201, 202, 204, 205, 207, 208, 210, 211, 215, 216, 219, 222, 223, 224, 227, 230, 231, 232, 236, 238, 241, 243, 246, 248, 251, 253, 259, 260, 261, 262, 266, 267, 268, 271, 272, 273, 284, 286, 290, 293, 294, 296, 297, 300, 303, 304, 305, 306, 307, 308, 309, 310, 313, 315, 316, 317, 318, 365, 366, 369, 376, 377, 379, 380, 381, 382, 383, 385, 386, 387, 388, 389, 390, 398, 399, 400, 401, 402, 403, 404, 407, 422, 423, 425, 441, 451], "summary": {"covered_lines": 176, "num_statements": 207, "percent_covered": 85.02415458937197, "percent_covered_display": "85", "missing_lines": 31, "excluded_lines": 0, "percent_statements_covered": 85.02415458937197, "percent_statements_covered_display": "85"}, "missing_lines": [110, 114, 118, 122, 274, 276, 277, 278, 279, 280, 391, 392, 393, 394, 395, 396, 426, 428, 429, 430, 431, 432, 433, 434, 435, 437, 438, 446, 447, 448, 449], "excluded_lines": [], "functions": {"APIConfig.validate": {"executed_lines": [47, 48, 50, 51, 55, 56, 61, 67, 68, 73, 78, 79, 84, 89, 90, 95, 100], "summary": {"covered_lines": 17, "num_statements": 17, "percent_covered": 100.0, "percent_covered_display": "100", "missing_lines": 0, "excluded_lines": 0, "percent_statements_covered": 100.0, "percent_statements_covered_display": "100"}, "missing_lines": [], "excluded_lines": [], "start_line": 45}, "APIConfig.api_key": {"executed_lines": [106, 108, 109, 111, 112, 113, 115, 116, 117, 119, 121, 123], "summary": {"covered_lines": 12, "num_statements": 16, "percent_covered": 75.0, "percent_covered_display": "75", "missing_lines": 4, "excluded_lines": 0, "percent_statements_covered": 75.0, "percent_statements_covered_display": "75"}, "missing_lines": [110, 114, 118, 122], "excluded_lines": [], "start_line": 103}, "APIConfig.base_url": {"executed_lines": [128, 129, 130, 131, 132, 133, 135], "summary": {"covered_lines": 7, "num_statements": 7, "percent_covered": 100.0, "percent_covered_display": "100", "missing_lines": 0, "excluded_lines": 0, "percent_statements_covered": 100.0, "percent_statements_covered_display": "100"}, "missing_lines": [], "excluded_lines": [], "start_line": 126}, "APIConfig.model_name": {"executed_lines": [140, 141, 142, 143, 144, 145, 147], "summary": {"covered_lines": 7, "num_statements": 7, "percent_covered": 100.0, "percent_covered_display": "100", "missing_lines": 0, "excluded_lines": 0, "percent_statements_covered": 100.0, "percent_statements_covered_display": "100"}, "missing_lines": [], "excluded_lines": [], "start_line": 138}, "ProcessingConfig.__post_init__": {"executed_lines": [194], "summary": {"covered_lines": 1, "num_statements": 1, "percent_covered": 100.0, "percent_covered_display": "100", "missing_lines": 0, "excluded_lines": 0, "percent_statements_covered": 100.0, "percent_statements_covered_display": "100"}, "missing_lines": [], "excluded_lines": [], "start_line": 192}, "ProcessingConfig.validate": {"executed_lines": [198, 199, 201, 202, 204, 205, 207, 208, 210, 211], "summary": {"covered_lines": 10, "num_statements": 10, "percent_covered": 100.0, "percent_covered_display": "100", "missing_lines": 0, "excluded_lines": 0, "percent_statements_covered": 100.0, "percent_statements_covered_display": "100"}, "missing_lines": [], "excluded_lines": [], "start_line": 196}, "get_api_config": {"executed_lines": [222, 223, 224], "summary": {"covered_lines": 3, "num_statements": 3, "percent_covered": 100.0, "percent_covered_display": "100", "missing_lines": 0, "excluded_lines": 0, "percent_statements_covered": 100.0, "percent_statements_covered_display": "100"}, "missing_lines": [], "excluded_lines": [], "start_line": 219}, "get_processing_config": {"executed_lines": [230, 231, 232], "summary": {"covered_lines": 3, "num_statements": 3, "percent_covered": 100.0, "percent_covered_display": "100", "missing_lines": 0, "excluded_lines": 0, "percent_statements_covered": 100.0, "percent_statements_covered_display": "100"}, "missing_lines": [], "excluded_lines": [], "start_line": 227}, "get_txt_file": {"executed_lines": [238], "summary": {"covered_lines": 1, "num_statements": 1, "percent_covered": 100.0, "percent_covered_display": "100", "missing_lines": 0, "excluded_lines": 0, "percent_statements_covered": 100.0, "percent_statements_covered_display": "100"}, "missing_lines": [], "excluded_lines": [], "start_line": 236}, "get_output_dir": {"executed_lines": [243], "summary": {"covered_lines": 1, "num_statements": 1, "percent_covered": 100.0, "percent_covered_display": "100", "missing_lines": 0, "excluded_lines": 0, "percent_statements_covered": 100.0, "percent_statements_covered_display": "100"}, "missing_lines": [], "excluded_lines": [], "start_line": 241}, "get_progress_file": {"executed_lines": [248], "summary": {"covered_lines": 1, "num_statements": 1, "percent_covered": 100.0, "percent_covered_display": "100", "missing_lines": 0, "excluded_lines": 0, "percent_statements_covered": 100.0, "percent_statements_covered_display": "100"}, "missing_lines": [], "excluded_lines": [], "start_line": 246}, "get_encodings": {"executed_lines": [253], "summary": {"covered_lines": 1, "num_statements": 1, "percent_covered": 100.0, "percent_covered_display": "100", "missing_lines": 0, "excluded_lines": 0, "percent_statements_covered": 100.0, "percent_statements_covered_display": "100"}, "missing_lines": [], "excluded_lines": [], "start_line": 251}, "_get_api_key": {"executed_lines": [286], "summary": {"covered_lines": 1, "num_statements": 1, "percent_covered": 100.0, "percent_covered_display": "100", "missing_lines": 0, "excluded_lines": 0, "percent_statements_covered": 100.0, "percent_statements_covered_display": "100"}, "missing_lines": [], "excluded_lines": [], "start_line": 284}, "_APIKeyWrapper.__str__": {"executed_lines": [294], "summary": {"covered_lines": 1, "num_statements": 1, "percent_covered": 100.0, "percent_covered_display": "100", "missing_lines": 0, "excluded_lines": 0, "percent_statements_covered": 100.0, "percent_statements_covered_display": "100"}, "missing_lines": [], "excluded_lines": [], "start_line": 293}, "_APIKeyWrapper.__repr__": {"executed_lines": [297], "summary": {"covered_lines": 1, "num_statements": 1, "percent_covered": 100.0, "percent_covered_display": "100", "missing_lines": 0, "excluded_lines": 0, "percent_statements_covered": 100.0, "percent_statements_covered_display": "100"}, "missing_lines": [], "excluded_lines": [], "start_line": 296}, "create_env_file": {"executed_lines": [315, 316, 317, 318, 365, 366], "summary": {"covered_lines": 6, "num_statements": 6, "percent_covered": 100.0, "percent_covered_display": "100", "missing_lines": 0, "excluded_lines": 0, "percent_statements_covered": 100.0, "percent_statements_covered_display": "100"}, "missing_lines": [], "excluded_lines": [], "start_line": 313}, "_refresh_config_cache": {"executed_lines": [376, 377, 379, 380, 381, 382, 383, 385, 386, 387, 388, 389, 390, 398, 399, 400, 401, 402, 403, 404], "summary": {"covered_lines": 20, "num_statements": 26, "percent_covered": 76.92307692307692, "percent_covered_display": "77", "missing_lines": 6, "excluded_lines": 0, "percent_statements_covered": 76.92307692307692, "percent_statements_covered_display": "77"}, "missing_lines": [391, 392, 393, 394, 395, 396], "excluded_lines": [], "start_line": 369}, "init_config": {"executed_lines": [422, 423, 425, 441, 451], "summary": {"covered_lines": 5, "num_statements": 20, "percent_covered": 25.0, "percent_covered_display": "25", "missing_lines": 15, "excluded_lines": 0, "percent_statements_covered": 25.0, "percent_statements_covered_display": "25"}, "missing_lines": [426, 428, 429, 430, 431, 432, 433, 434, 435, 437, 438, 446, 447, 448, 449], "excluded_lines": [], "start_line": 407}, "": {"executed_lines": [6, 7, 8, 10, 12, 15, 18, 19, 22, 23, 24, 25, 26, 27, 28, 31, 32, 35, 36, 37, 40, 43, 45, 102, 103, 125, 126, 137, 138, 150, 151, 155, 156, 157, 160, 176, 179, 182, 183, 184, 187, 190, 192, 196, 215, 216, 219, 227, 236, 241, 246, 251, 259, 260, 261, 262, 266, 267, 268, 271, 272, 273, 284, 290, 293, 296, 300, 303, 304, 305, 306, 307, 308, 309, 310, 313, 369, 407], "summary": {"covered_lines": 78, "num_statements": 84, "percent_covered": 92.85714285714286, "percent_covered_display": "93", "missing_lines": 6, "excluded_lines": 0, "percent_statements_covered": 92.85714285714286, "percent_statements_covered_display": "93"}, "missing_lines": [274, 276, 277, 278, 279, 280], "excluded_lines": [], "start_line": 1}}, "classes": {"APIConfig": {"executed_lines": [47, 48, 50, 51, 55, 56, 61, 67, 68, 73, 78, 79, 84, 89, 90, 95, 100, 106, 108, 109, 111, 112, 113, 115, 116, 117, 119, 121, 123, 128, 129, 130, 131, 132, 133, 135, 140, 141, 142, 143, 144, 145, 147], "summary": {"covered_lines": 43, "num_statements": 47, "percent_covered": 91.48936170212765, "percent_covered_display": "91", "missing_lines": 4, "excluded_lines": 0, "percent_statements_covered": 91.48936170212765, "percent_statements_covered_display": "91"}, "missing_lines": [110, 114, 118, 122], "excluded_lines": [], "start_line": 19}, "ProcessingConfig": {"executed_lines": [194, 198, 199, 201, 202, 204, 205, 207, 208, 210, 211], "summary": {"covered_lines": 11, "num_statements": 11, "percent_covered": 100.0, "percent_covered_display": "100", "missing_lines": 0, "excluded_lines": 0, "percent_statements_covered": 100.0, "percent_statements_covered_display": "100"}, "missing_lines": [], "excluded_lines": [], "start_line": 151}, "_APIKeyWrapper": {"executed_lines": [294, 297], "summary": {"covered_lines": 2, "num_statements": 2, "percent_covered": 100.0, "percent_covered_display": "100", "missing_lines": 0, "excluded_lines": 0, "percent_statements_covered": 100.0, "percent_statements_covered_display": "100"}, "missing_lines": [], "excluded_lines": [], "start_line": 290}, "": {"executed_lines": [6, 7, 8, 10, 12, 15, 18, 19, 22, 23, 24, 25, 26, 27, 28, 31, 32, 35, 36, 37, 40, 43, 45, 102, 103, 125, 126, 137, 138, 150, 151, 155, 156, 157, 160, 176, 179, 182, 183, 184, 187, 190, 192, 196, 215, 216, 219, 222, 223, 224, 227, 230, 231, 232, 236, 238, 241, 243, 246, 248, 251, 253, 259, 260, 261, 262, 266, 267, 268, 271, 272, 273, 284, 286, 290, 293, 296, 300, 303, 304, 305, 306, 307, 308, 309, 310, 313, 315, 316, 317, 318, 365, 366, 369, 376, 377, 379, 380, 381, 382, 383, 385, 386, 387, 388, 389, 390, 398, 399, 400, 401, 402, 403, 404, 407, 422, 423, 425, 441, 451], "summary": {"covered_lines": 120, "num_statements": 147, "percent_covered": 81.63265306122449, "percent_covered_display": "82", "missing_lines": 27, "excluded_lines": 0, "percent_statements_covered": 81.63265306122449, "percent_statements_covered_display": "82"}, "missing_lines": [274, 276, 277, 278, 279, 280, 391, 392, 393, 394, 395, 396, 426, 428, 429, 430, 431, 432, 433, 434, 435, 437, 438, 446, 447, 448, 449], "excluded_lines": [], "start_line": 1}}}, "exceptions.py": {"executed_lines": [7, 10, 11, 12, 13, 16, 19, 22, 25, 28, 31, 34, 37, 40, 43, 44, 45, 46, 49, 52, 53, 54, 57, 60, 63, 66], "summary": {"covered_lines": 26, "num_statements": 26, "percent_covered": 100.0, "percent_covered_display": "100", "missing_lines": 0, "excluded_lines": 0, "percent_statements_covered": 100.0, "percent_statements_covered_display": "100"}, "missing_lines": [], "excluded_lines": [], "functions": {"NovelOutlineError.__init__": {"executed_lines": [11, 12, 13], "summary": {"covered_lines": 3, "num_statements": 3, "percent_covered": 100.0, "percent_covered_display": "100", "missing_lines": 0, "excluded_lines": 0, "percent_statements_covered": 100.0, "percent_statements_covered_display": "100"}, "missing_lines": [], "excluded_lines": [], "start_line": 10}, "APIError.__init__": {"executed_lines": [44, 45, 46], "summary": {"covered_lines": 3, "num_statements": 3, "percent_covered": 100.0, "percent_covered_display": "100", "missing_lines": 0, "excluded_lines": 0, "percent_statements_covered": 100.0, "percent_statements_covered_display": "100"}, "missing_lines": [], "excluded_lines": [], "start_line": 43}, "RateLimitError.__init__": {"executed_lines": [53, 54], "summary": {"covered_lines": 2, "num_statements": 2, "percent_covered": 100.0, "percent_covered_display": "100", "missing_lines": 0, "excluded_lines": 0, "percent_statements_covered": 100.0, "percent_statements_covered_display": "100"}, "missing_lines": [], "excluded_lines": [], "start_line": 52}, "": {"executed_lines": [7, 10, 16, 19, 22, 25, 28, 31, 34, 37, 40, 43, 49, 52, 57, 60, 63, 66], "summary": {"covered_lines": 18, "num_statements": 18, "percent_covered": 100.0, "percent_covered_display": "100", "missing_lines": 0, "excluded_lines": 0, "percent_statements_covered": 100.0, "percent_statements_covered_display": "100"}, "missing_lines": [], "excluded_lines": [], "start_line": 1}}, "classes": {"NovelOutlineError": {"executed_lines": [11, 12, 13], "summary": {"covered_lines": 3, "num_statements": 3, "percent_covered": 100.0, "percent_covered_display": "100", "missing_lines": 0, "excluded_lines": 0, "percent_statements_covered": 100.0, "percent_statements_covered_display": "100"}, "missing_lines": [], "excluded_lines": [], "start_line": 7}, "APIKeyError": {"executed_lines": [], "summary": {"covered_lines": 0, "num_statements": 0, "percent_covered": 100.0, "percent_covered_display": "100", "missing_lines": 0, "excluded_lines": 0, "percent_statements_covered": 100.0, "percent_statements_covered_display": "100"}, "missing_lines": [], "excluded_lines": [], "start_line": 16}, "ConfigurationError": {"executed_lines": [], "summary": {"covered_lines": 0, "num_statements": 0, "percent_covered": 100.0, "percent_covered_display": "100", "missing_lines": 0, "excluded_lines": 0, "percent_statements_covered": 100.0, "percent_statements_covered_display": "100"}, "missing_lines": [], "excluded_lines": [], "start_line": 22}, "FileValidationError": {"executed_lines": [], "summary": {"covered_lines": 0, "num_statements": 0, "percent_covered": 100.0, "percent_covered_display": "100", "missing_lines": 0, "excluded_lines": 0, "percent_statements_covered": 100.0, "percent_statements_covered_display": "100"}, "missing_lines": [], "excluded_lines": [], "start_line": 28}, "ProcessingError": {"executed_lines": [], "summary": {"covered_lines": 0, "num_statements": 0, "percent_covered": 100.0, "percent_covered_display": "100", "missing_lines": 0, "excluded_lines": 0, "percent_statements_covered": 100.0, "percent_statements_covered_display": "100"}, "missing_lines": [], "excluded_lines": [], "start_line": 34}, "APIError": {"executed_lines": [44, 45, 46], "summary": {"covered_lines": 3, "num_statements": 3, "percent_covered": 100.0, "percent_covered_display": "100", "missing_lines": 0, "excluded_lines": 0, "percent_statements_covered": 100.0, "percent_statements_covered_display": "100"}, "missing_lines": [], "excluded_lines": [], "start_line": 40}, "RateLimitError": {"executed_lines": [53, 54], "summary": {"covered_lines": 2, "num_statements": 2, "percent_covered": 100.0, "percent_covered_display": "100", "missing_lines": 0, "excluded_lines": 0, "percent_statements_covered": 100.0, "percent_statements_covered_display": "100"}, "missing_lines": [], "excluded_lines": [], "start_line": 49}, "TokenLimitError": {"executed_lines": [], "summary": {"covered_lines": 0, "num_statements": 0, "percent_covered": 100.0, "percent_covered_display": "100", "missing_lines": 0, "excluded_lines": 0, "percent_statements_covered": 100.0, "percent_statements_covered_display": "100"}, "missing_lines": [], "excluded_lines": [], "start_line": 57}, "EncodingError": {"executed_lines": [], "summary": {"covered_lines": 0, "num_statements": 0, "percent_covered": 100.0, "percent_covered_display": "100", "missing_lines": 0, "excluded_lines": 0, "percent_statements_covered": 100.0, "percent_statements_covered_display": "100"}, "missing_lines": [], "excluded_lines": [], "start_line": 63}, "": {"executed_lines": [7, 10, 16, 19, 22, 25, 28, 31, 34, 37, 40, 43, 49, 52, 57, 60, 63, 66], "summary": {"covered_lines": 18, "num_statements": 18, "percent_covered": 100.0, "percent_covered_display": "100", "missing_lines": 0, "excluded_lines": 0, "percent_statements_covered": 100.0, "percent_statements_covered_display": "100"}, "missing_lines": [], "excluded_lines": [], "start_line": 1}}}, "main.py": {"executed_lines": [], "summary": {"covered_lines": 0, "num_statements": 176, "percent_covered": 0.0, "percent_covered_display": "0", "missing_lines": 176, "excluded_lines": 0, "percent_statements_covered": 0.0, "percent_statements_covered_display": "0"}, "missing_lines": [6, 7, 8, 9, 11, 12, 13, 14, 15, 16, 17, 19, 21, 24, 27, 28, 29, 30, 31, 33, 35, 37, 40, 42, 43, 44, 45, 47, 48, 49, 50, 51, 52, 53, 54, 55, 56, 57, 58, 60, 62, 63, 64, 65, 66, 67, 68, 69, 71, 73, 74, 75, 76, 78, 79, 80, 81, 82, 83, 84, 86, 88, 91, 94, 97, 100, 103, 104, 107, 109, 111, 112, 114, 115, 118, 119, 120, 121, 122, 123, 124, 126, 128, 129, 130, 131, 132, 134, 136, 138, 139, 141, 142, 143, 145, 147, 149, 152, 153, 154, 155, 156, 157, 158, 160, 162, 163, 164, 165, 166, 167, 170, 171, 173, 174, 175, 177, 179, 180, 181, 183, 184, 185, 188, 189, 190, 192, 194, 195, 196, 197, 198, 201, 202, 203, 204, 205, 206, 207, 209, 211, 213, 214, 215, 219, 220, 223, 224, 225, 226, 229, 231, 232, 233, 234, 235, 236, 237, 239, 241, 243, 244, 245, 246, 247, 248, 249, 250, 251, 252, 255, 258, 259, 260, 263, 264], "excluded_lines": [], "functions": {"NovelOutlineApp.__init__": {"executed_lines": [], "summary": {"covered_lines": 0, "num_statements": 4, "percent_covered": 0.0, "percent_covered_display": "0", "missing_lines": 4, "excluded_lines": 0, "percent_statements_covered": 0.0, "percent_statements_covered_display": "0"}, "missing_lines": [28, 29, 30, 31], "excluded_lines": [], "start_line": 27}, "NovelOutlineApp.run": {"executed_lines": [], "summary": {"covered_lines": 0, "num_statements": 19, "percent_covered": 0.0, "percent_covered_display": "0", "missing_lines": 19, "excluded_lines": 0, "percent_statements_covered": 0.0, "percent_statements_covered_display": "0"}, "missing_lines": [35, 37, 40, 42, 43, 44, 45, 47, 48, 49, 50, 51, 52, 53, 54, 55, 56, 57, 58], "excluded_lines": [], "start_line": 33}, "NovelOutlineApp._print_welcome": {"executed_lines": [], "summary": {"covered_lines": 0, "num_statements": 8, "percent_covered": 0.0, "percent_covered_display": "0", "missing_lines": 8, "excluded_lines": 0, "percent_statements_covered": 0.0, "percent_statements_covered_display": "0"}, "missing_lines": [62, 63, 64, 65, 66, 67, 68, 69], "excluded_lines": [], "start_line": 60}, "NovelOutlineApp._select_mode": {"executed_lines": [], "summary": {"covered_lines": 0, "num_statements": 12, "percent_covered": 0.0, "percent_covered_display": "0", "missing_lines": 12, "excluded_lines": 0, "percent_statements_covered": 0.0, "percent_statements_covered_display": "0"}, "missing_lines": [73, 74, 75, 76, 78, 79, 80, 81, 82, 83, 84, 86], "excluded_lines": [], "start_line": 71}, "NovelOutlineApp._process_novel_mode": {"executed_lines": [], "summary": {"covered_lines": 0, "num_statements": 7, "percent_covered": 0.0, "percent_covered_display": "0", "missing_lines": 7, "excluded_lines": 0, "percent_statements_covered": 0.0, "percent_statements_covered_display": "0"}, "missing_lines": [91, 94, 97, 100, 103, 104, 107], "excluded_lines": [], "start_line": 88}, "NovelOutlineApp._start_web_ui": {"executed_lines": [], "summary": {"covered_lines": 0, "num_statements": 17, "percent_covered": 0.0, "percent_covered_display": "0", "missing_lines": 17, "excluded_lines": 0, "percent_statements_covered": 0.0, "percent_statements_covered_display": "0"}, "missing_lines": [111, 112, 114, 115, 118, 119, 120, 121, 122, 123, 124, 126, 128, 129, 130, 131, 132], "excluded_lines": [], "start_line": 109}, "NovelOutlineApp._get_input_file_path": {"executed_lines": [], "summary": {"covered_lines": 0, "num_statements": 16, "percent_covered": 0.0, "percent_covered_display": "0", "missing_lines": 16, "excluded_lines": 0, "percent_statements_covered": 0.0, "percent_statements_covered_display": "0"}, "missing_lines": [136, 138, 139, 141, 142, 143, 145, 147, 149, 152, 153, 154, 155, 156, 157, 158], "excluded_lines": [], "start_line": 134}, "NovelOutlineApp._show_file_info": {"executed_lines": [], "summary": {"covered_lines": 0, "num_statements": 11, "percent_covered": 0.0, "percent_covered_display": "0", "missing_lines": 11, "excluded_lines": 0, "percent_statements_covered": 0.0, "percent_statements_covered_display": "0"}, "missing_lines": [162, 163, 164, 165, 166, 167, 170, 171, 173, 174, 175], "excluded_lines": [], "start_line": 160}, "NovelOutlineApp._predict_tokens": {"executed_lines": [], "summary": {"covered_lines": 0, "num_statements": 23, "percent_covered": 0.0, "percent_covered_display": "0", "missing_lines": 23, "excluded_lines": 0, "percent_statements_covered": 0.0, "percent_statements_covered_display": "0"}, "missing_lines": [179, 180, 181, 183, 184, 185, 188, 189, 190, 192, 194, 195, 196, 197, 198, 201, 202, 203, 204, 205, 206, 207, 209], "excluded_lines": [], "start_line": 177}, "NovelOutlineApp._ask_resume_progress": {"executed_lines": [], "summary": {"covered_lines": 0, "num_statements": 18, "percent_covered": 0.0, "percent_covered_display": "0", "missing_lines": 18, "excluded_lines": 0, "percent_statements_covered": 0.0, "percent_statements_covered_display": "0"}, "missing_lines": [213, 214, 215, 219, 220, 223, 224, 225, 226, 229, 231, 232, 233, 234, 235, 236, 237, 239], "excluded_lines": [], "start_line": 211}, "NovelOutlineApp._show_results": {"executed_lines": [], "summary": {"covered_lines": 0, "num_statements": 10, "percent_covered": 0.0, "percent_covered_display": "0", "missing_lines": 10, "excluded_lines": 0, "percent_statements_covered": 0.0, "percent_statements_covered_display": "0"}, "missing_lines": [243, 244, 245, 246, 247, 248, 249, 250, 251, 252], "excluded_lines": [], "start_line": 241}, "main": {"executed_lines": [], "summary": {"covered_lines": 0, "num_statements": 3, "percent_covered": 0.0, "percent_covered_display": "0", "missing_lines": 3, "excluded_lines": 0, "percent_statements_covered": 0.0, "percent_statements_covered_display": "0"}, "missing_lines": [258, 259, 260], "excluded_lines": [], "start_line": 255}, "": {"executed_lines": [], "summary": {"covered_lines": 0, "num_statements": 28, "percent_covered": 0.0, "percent_covered_display": "0", "missing_lines": 28, "excluded_lines": 0, "percent_statements_covered": 0.0, "percent_statements_covered_display": "0"}, "missing_lines": [6, 7, 8, 9, 11, 12, 13, 14, 15, 16, 17, 19, 21, 24, 27, 33, 60, 71, 88, 109, 134, 160, 177, 211, 241, 255, 263, 264], "excluded_lines": [], "start_line": 1}}, "classes": {"NovelOutlineApp": {"executed_lines": [], "summary": {"covered_lines": 0, "num_statements": 145, "percent_covered": 0.0, "percent_covered_display": "0", "missing_lines": 145, "excluded_lines": 0, "percent_statements_covered": 0.0, "percent_statements_covered_display": "0"}, "missing_lines": [28, 29, 30, 31, 35, 37, 40, 42, 43, 44, 45, 47, 48, 49, 50, 51, 52, 53, 54, 55, 56, 57, 58, 62, 63, 64, 65, 66, 67, 68, 69, 73, 74, 75, 76, 78, 79, 80, 81, 82, 83, 84, 86, 91, 94, 97, 100, 103, 104, 107, 111, 112, 114, 115, 118, 119, 120, 121, 122, 123, 124, 126, 128, 129, 130, 131, 132, 136, 138, 139, 141, 142, 143, 145, 147, 149, 152, 153, 154, 155, 156, 157, 158, 162, 163, 164, 165, 166, 167, 170, 171, 173, 174, 175, 179, 180, 181, 183, 184, 185, 188, 189, 190, 192, 194, 195, 196, 197, 198, 201, 202, 203, 204, 205, 206, 207, 209, 213, 214, 215, 219, 220, 223, 224, 225, 226, 229, 231, 232, 233, 234, 235, 236, 237, 239, 243, 244, 245, 246, 247, 248, 249, 250, 251, 252], "excluded_lines": [], "start_line": 24}, "": {"executed_lines": [], "summary": {"covered_lines": 0, "num_statements": 31, "percent_covered": 0.0, "percent_covered_display": "0", "missing_lines": 31, "excluded_lines": 0, "percent_statements_covered": 0.0, "percent_statements_covered_display": "0"}, "missing_lines": [6, 7, 8, 9, 11, 12, 13, 14, 15, 16, 17, 19, 21, 24, 27, 33, 60, 71, 88, 109, 134, 160, 177, 211, 241, 255, 258, 259, 260, 263, 264], "excluded_lines": [], "start_line": 1}}}, "models\\__init__.py": {"executed_lines": [6, 7, 8, 10], "summary": {"covered_lines": 4, "num_statements": 4, "percent_covered": 100.0, "percent_covered_display": "100", "missing_lines": 0, "excluded_lines": 0, "percent_statements_covered": 100.0, "percent_statements_covered_display": "100"}, "missing_lines": [], "excluded_lines": [], "functions": {"": {"executed_lines": [6, 7, 8, 10], "summary": {"covered_lines": 4, "num_statements": 4, "percent_covered": 100.0, "percent_covered_display": "100", "missing_lines": 0, "excluded_lines": 0, "percent_statements_covered": 100.0, "percent_statements_covered_display": "100"}, "missing_lines": [], "excluded_lines": [], "start_line": 1}}, "classes": {"": {"executed_lines": [6, 7, 8, 10], "summary": {"covered_lines": 4, "num_statements": 4, "percent_covered": 100.0, "percent_covered_display": "100", "missing_lines": 0, "excluded_lines": 0, "percent_statements_covered": 100.0, "percent_statements_covered_display": "100"}, "missing_lines": [], "excluded_lines": [], "start_line": 1}}}, "models\\character.py": {"executed_lines": [5, 8, 9, 12, 13, 14, 15, 16, 18, 20, 21, 23, 24, 26, 28, 29, 31, 32, 34, 35, 38, 39, 42, 43, 44, 45, 46, 47, 48, 50, 51, 53, 55, 56, 57, 59, 60, 62, 64, 65, 67, 69, 70, 72, 73, 75, 77, 79, 80, 83, 86, 89, 92, 96], "summary": {"covered_lines": 54, "num_statements": 54, "percent_covered": 100.0, "percent_covered_display": "100", "missing_lines": 0, "excluded_lines": 0, "percent_statements_covered": 100.0, "percent_statements_covered_display": "100"}, "missing_lines": [], "excluded_lines": [], "functions": {"Relationship.__post_init__": {"executed_lines": [20, 21], "summary": {"covered_lines": 2, "num_statements": 2, "percent_covered": 100.0, "percent_covered_display": "100", "missing_lines": 0, "excluded_lines": 0, "percent_statements_covered": 100.0, "percent_statements_covered_display": "100"}, "missing_lines": [], "excluded_lines": [], "start_line": 18}, "Relationship.__str__": {"executed_lines": [24], "summary": {"covered_lines": 1, "num_statements": 1, "percent_covered": 100.0, "percent_covered_display": "100", "missing_lines": 0, "excluded_lines": 0, "percent_statements_covered": 100.0, "percent_statements_covered_display": "100"}, "missing_lines": [], "excluded_lines": [], "start_line": 23}, "Relationship.add_context": {"executed_lines": [28, 29], "summary": {"covered_lines": 2, "num_statements": 2, "percent_covered": 100.0, "percent_covered_display": "100", "missing_lines": 0, "excluded_lines": 0, "percent_statements_covered": 100.0, "percent_statements_covered_display": "100"}, "missing_lines": [], "excluded_lines": [], "start_line": 26}, "Relationship.pair": {"executed_lines": [34, 35], "summary": {"covered_lines": 2, "num_statements": 2, "percent_covered": 100.0, "percent_covered_display": "100", "missing_lines": 0, "excluded_lines": 0, "percent_statements_covered": 100.0, "percent_statements_covered_display": "100"}, "missing_lines": [], "excluded_lines": [], "start_line": 32}, "Character.__str__": {"executed_lines": [51], "summary": {"covered_lines": 1, "num_statements": 1, "percent_covered": 100.0, "percent_covered_display": "100", "missing_lines": 0, "excluded_lines": 0, "percent_statements_covered": 100.0, "percent_statements_covered_display": "100"}, "missing_lines": [], "excluded_lines": [], "start_line": 50}, "Character.add_appearance": {"executed_lines": [55, 56, 57, 59, 60], "summary": {"covered_lines": 5, "num_statements": 5, "percent_covered": 100.0, "percent_covered_display": "100", "missing_lines": 0, "excluded_lines": 0, "percent_statements_covered": 100.0, "percent_statements_covered_display": "100"}, "missing_lines": [], "excluded_lines": [], "start_line": 53}, "Character.add_alias": {"executed_lines": [64, 65], "summary": {"covered_lines": 2, "num_statements": 2, "percent_covered": 100.0, "percent_covered_display": "100", "missing_lines": 0, "excluded_lines": 0, "percent_statements_covered": 100.0, "percent_statements_covered_display": "100"}, "missing_lines": [], "excluded_lines": [], "start_line": 62}, "Character.add_description": {"executed_lines": [69, 70], "summary": {"covered_lines": 2, "num_statements": 2, "percent_covered": 100.0, "percent_covered_display": "100", "missing_lines": 0, "excluded_lines": 0, "percent_statements_covered": 100.0, "percent_statements_covered_display": "100"}, "missing_lines": [], "excluded_lines": [], "start_line": 67}, "Character.total_appearances": {"executed_lines": [75], "summary": {"covered_lines": 1, "num_statements": 1, "percent_covered": 100.0, "percent_covered_display": "100", "missing_lines": 0, "excluded_lines": 0, "percent_statements_covered": 100.0, "percent_statements_covered_display": "100"}, "missing_lines": [], "excluded_lines": [], "start_line": 73}, "Character.calculate_importance": {"executed_lines": [79, 80, 83, 86, 89, 92, 96], "summary": {"covered_lines": 7, "num_statements": 7, "percent_covered": 100.0, "percent_covered_display": "100", "missing_lines": 0, "excluded_lines": 0, "percent_statements_covered": 100.0, "percent_statements_covered_display": "100"}, "missing_lines": [], "excluded_lines": [], "start_line": 77}, "": {"executed_lines": [5, 8, 9, 12, 13, 14, 15, 16, 18, 23, 26, 31, 32, 38, 39, 42, 43, 44, 45, 46, 47, 48, 50, 53, 62, 67, 72, 73, 77], "summary": {"covered_lines": 29, "num_statements": 29, "percent_covered": 100.0, "percent_covered_display": "100", "missing_lines": 0, "excluded_lines": 0, "percent_statements_covered": 100.0, "percent_statements_covered_display": "100"}, "missing_lines": [], "excluded_lines": [], "start_line": 1}}, "classes": {"Relationship": {"executed_lines": [20, 21, 24, 28, 29, 34, 35], "summary": {"covered_lines": 7, "num_statements": 7, "percent_covered": 100.0, "percent_covered_display": "100", "missing_lines": 0, "excluded_lines": 0, "percent_statements_covered": 100.0, "percent_statements_covered_display": "100"}, "missing_lines": [], "excluded_lines": [], "start_line": 9}, "Character": {"executed_lines": [51, 55, 56, 57, 59, 60, 64, 65, 69, 70, 75, 79, 80, 83, 86, 89, 92, 96], "summary": {"covered_lines": 18, "num_statements": 18, "percent_covered": 100.0, "percent_covered_display": "100", "missing_lines": 0, "excluded_lines": 0, "percent_statements_covered": 100.0, "percent_statements_covered_display": "100"}, "missing_lines": [], "excluded_lines": [], "start_line": 39}, "": {"executed_lines": [5, 8, 9, 12, 13, 14, 15, 16, 18, 23, 26, 31, 32, 38, 39, 42, 43, 44, 45, 46, 47, 48, 50, 53, 62, 67, 72, 73, 77], "summary": {"covered_lines": 29, "num_statements": 29, "percent_covered": 100.0, "percent_covered_display": "100", "missing_lines": 0, "excluded_lines": 0, "percent_statements_covered": 100.0, "percent_statements_covered_display": "100"}, "missing_lines": [], "excluded_lines": [], "start_line": 1}}}, "models\\outline.py": {"executed_lines": [5, 6, 7, 10, 11, 14, 15, 16, 17, 18, 19, 21, 22, 25, 26, 29, 30, 31, 32, 33, 34, 35, 37, 42, 52, 53, 55, 62, 63, 64, 65, 67, 68, 70, 71, 73, 75, 81, 82, 85, 86, 89, 90, 91, 93, 94, 96, 98, 99, 101, 103, 105, 106, 108, 109, 110, 112, 113], "summary": {"covered_lines": 58, "num_statements": 58, "percent_covered": 100.0, "percent_covered_display": "100", "missing_lines": 0, "excluded_lines": 0, "percent_statements_covered": 100.0, "percent_statements_covered_display": "100"}, "missing_lines": [], "excluded_lines": [], "functions": {"TextChunk.__str__": {"executed_lines": [22], "summary": {"covered_lines": 1, "num_statements": 1, "percent_covered": 100.0, "percent_covered_display": "100", "missing_lines": 0, "excluded_lines": 0, "percent_statements_covered": 100.0, "percent_statements_covered_display": "100"}, "missing_lines": [], "excluded_lines": [], "start_line": 21}, "OutlineData.to_dict": {"executed_lines": [42], "summary": {"covered_lines": 1, "num_statements": 1, "percent_covered": 100.0, "percent_covered_display": "100", "missing_lines": 0, "excluded_lines": 0, "percent_statements_covered": 100.0, "percent_statements_covered_display": "100"}, "missing_lines": [], "excluded_lines": [], "start_line": 37}, "OutlineData.from_dict": {"executed_lines": [55, 62, 63, 64, 65, 67, 68, 70, 71, 73], "summary": {"covered_lines": 10, "num_statements": 10, "percent_covered": 100.0, "percent_covered_display": "100", "missing_lines": 0, "excluded_lines": 0, "percent_statements_covered": 100.0, "percent_statements_covered_display": "100"}, "missing_lines": [], "excluded_lines": [], "start_line": 53}, "OutlineData.validate": {"executed_lines": [81, 82, 85, 86, 89, 90, 91], "summary": {"covered_lines": 7, "num_statements": 7, "percent_covered": 100.0, "percent_covered_display": "100", "missing_lines": 0, "excluded_lines": 0, "percent_statements_covered": 100.0, "percent_statements_covered_display": "100"}, "missing_lines": [], "excluded_lines": [], "start_line": 75}, "OutlineData.character_count": {"executed_lines": [96], "summary": {"covered_lines": 1, "num_statements": 1, "percent_covered": 100.0, "percent_covered_display": "100", "missing_lines": 0, "excluded_lines": 0, "percent_statements_covered": 100.0, "percent_statements_covered_display": "100"}, "missing_lines": [], "excluded_lines": [], "start_line": 94}, "OutlineData.relationship_count": {"executed_lines": [101], "summary": {"covered_lines": 1, "num_statements": 1, "percent_covered": 100.0, "percent_covered_display": "100", "missing_lines": 0, "excluded_lines": 0, "percent_statements_covered": 100.0, "percent_statements_covered_display": "100"}, "missing_lines": [], "excluded_lines": [], "start_line": 99}, "OutlineData.merge_with": {"executed_lines": [105, 106, 108, 109, 110, 112, 113], "summary": {"covered_lines": 7, "num_statements": 7, "percent_covered": 100.0, "percent_covered_display": "100", "missing_lines": 0, "excluded_lines": 0, "percent_statements_covered": 100.0, "percent_statements_covered_display": "100"}, "missing_lines": [], "excluded_lines": [], "start_line": 103}, "": {"executed_lines": [5, 6, 7, 10, 11, 14, 15, 16, 17, 18, 19, 21, 25, 26, 29, 30, 31, 32, 33, 34, 35, 37, 52, 53, 75, 93, 94, 98, 99, 103], "summary": {"covered_lines": 30, "num_statements": 30, "percent_covered": 100.0, "percent_covered_display": "100", "missing_lines": 0, "excluded_lines": 0, "percent_statements_covered": 100.0, "percent_statements_covered_display": "100"}, "missing_lines": [], "excluded_lines": [], "start_line": 1}}, "classes": {"TextChunk": {"executed_lines": [22], "summary": {"covered_lines": 1, "num_statements": 1, "percent_covered": 100.0, "percent_covered_display": "100", "missing_lines": 0, "excluded_lines": 0, "percent_statements_covered": 100.0, "percent_statements_covered_display": "100"}, "missing_lines": [], "excluded_lines": [], "start_line": 11}, "OutlineData": {"executed_lines": [42, 55, 62, 63, 64, 65, 67, 68, 70, 71, 73, 81, 82, 85, 86, 89, 90, 91, 96, 101, 105, 106, 108, 109, 110, 112, 113], "summary": {"covered_lines": 27, "num_statements": 27, "percent_covered": 100.0, "percent_covered_display": "100", "missing_lines": 0, "excluded_lines": 0, "percent_statements_covered": 100.0, "percent_statements_covered_display": "100"}, "missing_lines": [], "excluded_lines": [], "start_line": 26}, "": {"executed_lines": [5, 6, 7, 10, 11, 14, 15, 16, 17, 18, 19, 21, 25, 26, 29, 30, 31, 32, 33, 34, 35, 37, 52, 53, 75, 93, 94, 98, 99, 103], "summary": {"covered_lines": 30, "num_statements": 30, "percent_covered": 100.0, "percent_covered_display": "100", "missing_lines": 0, "excluded_lines": 0, "percent_statements_covered": 100.0, "percent_statements_covered_display": "100"}, "missing_lines": [], "excluded_lines": [], "start_line": 1}}}, "models\\processing_state.py": {"executed_lines": [5, 6, 7, 8, 9, 12, 13, 16, 17, 18, 19, 20, 21, 22, 23, 24, 25, 26, 27, 29, 30, 32, 33, 34, 36, 37, 39, 40, 41, 43, 45, 49, 51, 66, 67, 69, 84, 85, 87, 89, 90, 93, 94, 97, 98, 99, 100, 101, 102, 103, 104, 105, 106, 107, 108, 109, 110, 111, 113, 114, 116, 117, 119, 120, 122, 123, 124, 126, 127, 129, 130, 131, 132, 134, 136, 137, 139, 141, 143, 145, 147, 149, 151, 153, 154, 156, 158, 159, 160, 162, 164], "summary": {"covered_lines": 91, "num_statements": 91, "percent_covered": 100.0, "percent_covered_display": "100", "missing_lines": 0, "excluded_lines": 0, "percent_statements_covered": 100.0, "percent_statements_covered_display": "100"}, "missing_lines": [], "excluded_lines": [], "functions": {"ProgressData.completion_rate": {"executed_lines": [32, 33, 34], "summary": {"covered_lines": 3, "num_statements": 3, "percent_covered": 100.0, "percent_covered_display": "100", "missing_lines": 0, "excluded_lines": 0, "percent_statements_covered": 100.0, "percent_statements_covered_display": "100"}, "missing_lines": [], "excluded_lines": [], "start_line": 30}, "ProgressData.average_processing_time": {"executed_lines": [39, 40, 41], "summary": {"covered_lines": 3, "num_statements": 3, "percent_covered": 100.0, "percent_covered_display": "100", "missing_lines": 0, "excluded_lines": 0, "percent_statements_covered": 100.0, "percent_statements_covered_display": "100"}, "missing_lines": [], "excluded_lines": [], "start_line": 37}, "ProgressData.add_error": {"executed_lines": [45], "summary": {"covered_lines": 1, "num_statements": 1, "percent_covered": 100.0, "percent_covered_display": "100", "missing_lines": 0, "excluded_lines": 0, "percent_statements_covered": 100.0, "percent_statements_covered_display": "100"}, "missing_lines": [], "excluded_lines": [], "start_line": 43}, "ProgressData.to_dict": {"executed_lines": [51], "summary": {"covered_lines": 1, "num_statements": 1, "percent_covered": 100.0, "percent_covered_display": "100", "missing_lines": 0, "excluded_lines": 0, "percent_statements_covered": 100.0, "percent_statements_covered_display": "100"}, "missing_lines": [], "excluded_lines": [], "start_line": 49}, "ProgressData.from_dict": {"executed_lines": [69], "summary": {"covered_lines": 1, "num_statements": 1, "percent_covered": 100.0, "percent_covered_display": "100", "missing_lines": 0, "excluded_lines": 0, "percent_statements_covered": 100.0, "percent_statements_covered_display": "100"}, "missing_lines": [], "excluded_lines": [], "start_line": 67}, "ProgressData.calculate_chunks_hash": {"executed_lines": [87, 89, 90], "summary": {"covered_lines": 3, "num_statements": 3, "percent_covered": 100.0, "percent_covered_display": "100", "missing_lines": 0, "excluded_lines": 0, "percent_statements_covered": 100.0, "percent_statements_covered_display": "100"}, "missing_lines": [], "excluded_lines": [], "start_line": 85}, "ProcessingState.elapsed_time": {"executed_lines": [116, 117], "summary": {"covered_lines": 2, "num_statements": 2, "percent_covered": 100.0, "percent_covered_display": "100", "missing_lines": 0, "excluded_lines": 0, "percent_statements_covered": 100.0, "percent_statements_covered_display": "100"}, "missing_lines": [], "excluded_lines": [], "start_line": 114}, "ProcessingState.progress_percentage": {"executed_lines": [122, 123, 124], "summary": {"covered_lines": 3, "num_statements": 3, "percent_covered": 100.0, "percent_covered_display": "100", "missing_lines": 0, "excluded_lines": 0, "percent_statements_covered": 100.0, "percent_statements_covered_display": "100"}, "missing_lines": [], "excluded_lines": [], "start_line": 120}, "ProcessingState.success_rate": {"executed_lines": [129, 130, 131, 132], "summary": {"covered_lines": 4, "num_statements": 4, "percent_covered": 100.0, "percent_covered_display": "100", "missing_lines": 0, "excluded_lines": 0, "percent_statements_covered": 100.0, "percent_statements_covered_display": "100"}, "missing_lines": [], "excluded_lines": [], "start_line": 127}, "ProcessingState.update_progress": {"executed_lines": [136, 137], "summary": {"covered_lines": 2, "num_statements": 2, "percent_covered": 100.0, "percent_covered_display": "100", "missing_lines": 0, "excluded_lines": 0, "percent_statements_covered": 100.0, "percent_statements_covered_display": "100"}, "missing_lines": [], "excluded_lines": [], "start_line": 134}, "ProcessingState.update_partial": {"executed_lines": [141], "summary": {"covered_lines": 1, "num_statements": 1, "percent_covered": 100.0, "percent_covered_display": "100", "missing_lines": 0, "excluded_lines": 0, "percent_statements_covered": 100.0, "percent_statements_covered_display": "100"}, "missing_lines": [], "excluded_lines": [], "start_line": 139}, "ProcessingState.add_error": {"executed_lines": [145], "summary": {"covered_lines": 1, "num_statements": 1, "percent_covered": 100.0, "percent_covered_display": "100", "missing_lines": 0, "excluded_lines": 0, "percent_statements_covered": 100.0, "percent_statements_covered_display": "100"}, "missing_lines": [], "excluded_lines": [], "start_line": 143}, "ProcessingState.add_warning": {"executed_lines": [149], "summary": {"covered_lines": 1, "num_statements": 1, "percent_covered": 100.0, "percent_covered_display": "100", "missing_lines": 0, "excluded_lines": 0, "percent_statements_covered": 100.0, "percent_statements_covered_display": "100"}, "missing_lines": [], "excluded_lines": [], "start_line": 147}, "ProcessingState.complete": {"executed_lines": [153, 154], "summary": {"covered_lines": 2, "num_statements": 2, "percent_covered": 100.0, "percent_covered_display": "100", "missing_lines": 0, "excluded_lines": 0, "percent_statements_covered": 100.0, "percent_statements_covered_display": "100"}, "missing_lines": [], "excluded_lines": [], "start_line": 151}, "ProcessingState.fail": {"executed_lines": [158, 159, 160], "summary": {"covered_lines": 3, "num_statements": 3, "percent_covered": 100.0, "percent_covered_display": "100", "missing_lines": 0, "excluded_lines": 0, "percent_statements_covered": 100.0, "percent_statements_covered_display": "100"}, "missing_lines": [], "excluded_lines": [], "start_line": 156}, "ProcessingState.get_summary": {"executed_lines": [164], "summary": {"covered_lines": 1, "num_statements": 1, "percent_covered": 100.0, "percent_covered_display": "100", "missing_lines": 0, "excluded_lines": 0, "percent_statements_covered": 100.0, "percent_statements_covered_display": "100"}, "missing_lines": [], "excluded_lines": [], "start_line": 162}, "": {"executed_lines": [5, 6, 7, 8, 9, 12, 13, 16, 17, 18, 19, 20, 21, 22, 23, 24, 25, 26, 27, 29, 30, 36, 37, 43, 49, 66, 67, 84, 85, 93, 94, 97, 98, 99, 100, 101, 102, 103, 104, 105, 106, 107, 108, 109, 110, 111, 113, 114, 119, 120, 126, 127, 134, 139, 143, 147, 151, 156, 162], "summary": {"covered_lines": 59, "num_statements": 59, "percent_covered": 100.0, "percent_covered_display": "100", "missing_lines": 0, "excluded_lines": 0, "percent_statements_covered": 100.0, "percent_statements_covered_display": "100"}, "missing_lines": [], "excluded_lines": [], "start_line": 1}}, "classes": {"ProgressData": {"executed_lines": [32, 33, 34, 39, 40, 41, 45, 51, 69, 87, 89, 90], "summary": {"covered_lines": 12, "num_statements": 12, "percent_covered": 100.0, "percent_covered_display": "100", "missing_lines": 0, "excluded_lines": 0, "percent_statements_covered": 100.0, "percent_statements_covered_display": "100"}, "missing_lines": [], "excluded_lines": [], "start_line": 13}, "ProcessingState": {"executed_lines": [116, 117, 122, 123, 124, 129, 130, 131, 132, 136, 137, 141, 145, 149, 153, 154, 158, 159, 160, 164], "summary": {"covered_lines": 20, "num_statements": 20, "percent_covered": 100.0, "percent_covered_display": "100", "missing_lines": 0, "excluded_lines": 0, "percent_statements_covered": 100.0, "percent_statements_covered_display": "100"}, "missing_lines": [], "excluded_lines": [], "start_line": 94}, "": {"executed_lines": [5, 6, 7, 8, 9, 12, 13, 16, 17, 18, 19, 20, 21, 22, 23, 24, 25, 26, 27, 29, 30, 36, 37, 43, 49, 66, 67, 84, 85, 93, 94, 97, 98, 99, 100, 101, 102, 103, 104, 105, 106, 107, 108, 109, 110, 111, 113, 114, 119, 120, 126, 127, 134, 139, 143, 147, 151, 156, 162], "summary": {"covered_lines": 59, "num_statements": 59, "percent_covered": 100.0, "percent_covered_display": "100", "missing_lines": 0, "excluded_lines": 0, "percent_statements_covered": 100.0, "percent_statements_covered_display": "100"}, "missing_lines": [], "excluded_lines": [], "start_line": 1}}}, "prompts.py": {"executed_lines": [7, 11, 36, 40, 51, 55, 56, 57, 59], "summary": {"covered_lines": 9, "num_statements": 9, "percent_covered": 100.0, "percent_covered_display": "100", "missing_lines": 0, "excluded_lines": 0, "percent_statements_covered": 100.0, "percent_statements_covered_display": "100"}, "missing_lines": [], "excluded_lines": [], "functions": {"chunk_prompt": {"executed_lines": [11], "summary": {"covered_lines": 1, "num_statements": 1, "percent_covered": 100.0, "percent_covered_display": "100", "missing_lines": 0, "excluded_lines": 0, "percent_statements_covered": 100.0, "percent_statements_covered_display": "100"}, "missing_lines": [], "excluded_lines": [], "start_line": 7}, "merge_prompt": {"executed_lines": [40], "summary": {"covered_lines": 1, "num_statements": 1, "percent_covered": 100.0, "percent_covered_display": "100", "missing_lines": 0, "excluded_lines": 0, "percent_statements_covered": 100.0, "percent_statements_covered_display": "100"}, "missing_lines": [], "excluded_lines": [], "start_line": 36}, "merge_text_prompt": {"executed_lines": [55, 56, 57, 59], "summary": {"covered_lines": 4, "num_statements": 4, "percent_covered": 100.0, "percent_covered_display": "100", "missing_lines": 0, "excluded_lines": 0, "percent_statements_covered": 100.0, "percent_statements_covered_display": "100"}, "missing_lines": [], "excluded_lines": [], "start_line": 51}, "": {"executed_lines": [7, 36, 51], "summary": {"covered_lines": 3, "num_statements": 3, "percent_covered": 100.0, "percent_covered_display": "100", "missing_lines": 0, "excluded_lines": 0, "percent_statements_covered": 100.0, "percent_statements_covered_display": "100"}, "missing_lines": [], "excluded_lines": [], "start_line": 1}}, "classes": {"": {"executed_lines": [7, 11, 36, 40, 51, 55, 56, 57, 59], "summary": {"covered_lines": 9, "num_statements": 9, "percent_covered": 100.0, "percent_covered_display": "100", "missing_lines": 0, "excluded_lines": 0, "percent_statements_covered": 100.0, "percent_statements_covered_display": "100"}, "missing_lines": [], "excluded_lines": [], "start_line": 1}}}, "services\\__init__.py": {"executed_lines": [6, 7, 8, 9, 11], "summary": {"covered_lines": 5, "num_statements": 5, "percent_covered": 100.0, "percent_covered_display": "100", "missing_lines": 0, "excluded_lines": 0, "percent_statements_covered": 100.0, "percent_statements_covered_display": "100"}, "missing_lines": [], "excluded_lines": [], "functions": {"": {"executed_lines": [6, 7, 8, 9, 11], "summary": {"covered_lines": 5, "num_statements": 5, "percent_covered": 100.0, "percent_covered_display": "100", "missing_lines": 0, "excluded_lines": 0, "percent_statements_covered": 100.0, "percent_statements_covered_display": "100"}, "missing_lines": [], "excluded_lines": [], "start_line": 1}}, "classes": {"": {"executed_lines": [6, 7, 8, 9, 11], "summary": {"covered_lines": 5, "num_statements": 5, "percent_covered": 100.0, "percent_covered_display": "100", "missing_lines": 0, "excluded_lines": 0, "percent_statements_covered": 100.0, "percent_statements_covered_display": "100"}, "missing_lines": [], "excluded_lines": [], "start_line": 1}}}, "services\\eta_estimator.py": {"executed_lines": [5, 6, 7, 8, 10, 13, 16, 30, 31, 32, 35, 38, 41, 44, 47, 49, 51, 53, 55, 56, 57, 59, 70, 71, 72, 73, 75, 77, 78, 80, 86, 87, 89, 90, 91, 92, 93, 95, 96, 98, 99, 101, 102, 104, 114, 115, 117, 118, 119, 121, 122, 124, 131, 132, 135, 136, 138, 139, 140, 142, 143, 144, 146, 147, 148, 150, 167, 173, 174, 176, 177, 178, 179, 180, 181, 184, 185, 188, 189, 190, 191, 192, 193, 194, 197, 198, 199, 201, 204, 207, 208, 210, 212, 214, 216, 217, 218, 221, 222, 224, 229, 231, 233, 234, 235, 236, 237], "summary": {"covered_lines": 107, "num_statements": 107, "percent_covered": 100.0, "percent_covered_display": "100", "missing_lines": 0, "excluded_lines": 0, "percent_statements_covered": 100.0, "percent_statements_covered_display": "100"}, "missing_lines": [], "excluded_lines": [], "functions": {"ETAEstimator.__init__": {"executed_lines": [30, 31, 32, 35, 38, 41, 44, 47], "summary": {"covered_lines": 8, "num_statements": 8, "percent_covered": 100.0, "percent_covered_display": "100", "missing_lines": 0, "excluded_lines": 0, "percent_statements_covered": 100.0, "percent_statements_covered_display": "100"}, "missing_lines": [], "excluded_lines": [], "start_line": 16}, "ETAEstimator.set_parallel_limit": {"executed_lines": [51], "summary": {"covered_lines": 1, "num_statements": 1, "percent_covered": 100.0, "percent_covered_display": "100", "missing_lines": 0, "excluded_lines": 0, "percent_statements_covered": 100.0, "percent_statements_covered_display": "100"}, "missing_lines": [], "excluded_lines": [], "start_line": 49}, "ETAEstimator.start_processing": {"executed_lines": [55, 56, 57], "summary": {"covered_lines": 3, "num_statements": 3, "percent_covered": 100.0, "percent_covered_display": "100", "missing_lines": 0, "excluded_lines": 0, "percent_statements_covered": 100.0, "percent_statements_covered_display": "100"}, "missing_lines": [], "excluded_lines": [], "start_line": 53}, "ETAEstimator.add_completion": {"executed_lines": [70, 71, 72, 73], "summary": {"covered_lines": 4, "num_statements": 4, "percent_covered": 100.0, "percent_covered_display": "100", "missing_lines": 0, "excluded_lines": 0, "percent_statements_covered": 100.0, "percent_statements_covered_display": "100"}, "missing_lines": [], "excluded_lines": [], "start_line": 59}, "ETAEstimator.add_retry": {"executed_lines": [77, 78], "summary": {"covered_lines": 2, "num_statements": 2, "percent_covered": 100.0, "percent_covered_display": "100", "missing_lines": 0, "excluded_lines": 0, "percent_statements_covered": 100.0, "percent_statements_covered_display": "100"}, "missing_lines": [], "excluded_lines": [], "start_line": 75}, "ETAEstimator._filter_outliers": {"executed_lines": [86, 87, 89, 90, 91, 92, 93, 95, 96, 98, 99, 101, 102], "summary": {"covered_lines": 13, "num_statements": 13, "percent_covered": 100.0, "percent_covered_display": "100", "missing_lines": 0, "excluded_lines": 0, "percent_statements_covered": 100.0, "percent_statements_covered_display": "100"}, "missing_lines": [], "excluded_lines": [], "start_line": 80}, "ETAEstimator._calculate_weighted_average": {"executed_lines": [114, 115, 117, 118, 119, 121, 122], "summary": {"covered_lines": 7, "num_statements": 7, "percent_covered": 100.0, "percent_covered_display": "100", "missing_lines": 0, "excluded_lines": 0, "percent_statements_covered": 100.0, "percent_statements_covered_display": "100"}, "missing_lines": [], "excluded_lines": [], "start_line": 104}, "ETAEstimator._calculate_throughput": {"executed_lines": [131, 132, 135, 136, 138, 139, 140, 142, 143, 144, 146, 147, 148], "summary": {"covered_lines": 13, "num_statements": 13, "percent_covered": 100.0, "percent_covered_display": "100", "missing_lines": 0, "excluded_lines": 0, "percent_statements_covered": 100.0, "percent_statements_covered_display": "100"}, "missing_lines": [], "excluded_lines": [], "start_line": 124}, "ETAEstimator.estimate": {"executed_lines": [167, 173, 174, 176, 177, 178, 179, 180, 181, 184, 185, 188, 189, 190, 191, 192, 193, 194, 197, 198, 199, 201, 204, 207, 208, 210, 212, 214, 216, 217, 218, 221, 222, 224, 229], "summary": {"covered_lines": 35, "num_statements": 35, "percent_covered": 100.0, "percent_covered_display": "100", "missing_lines": 0, "excluded_lines": 0, "percent_statements_covered": 100.0, "percent_statements_covered_display": "100"}, "missing_lines": [], "excluded_lines": [], "start_line": 150}, "ETAEstimator.reset": {"executed_lines": [233, 234, 235, 236, 237], "summary": {"covered_lines": 5, "num_statements": 5, "percent_covered": 100.0, "percent_covered_display": "100", "missing_lines": 0, "excluded_lines": 0, "percent_statements_covered": 100.0, "percent_statements_covered_display": "100"}, "missing_lines": [], "excluded_lines": [], "start_line": 231}, "": {"executed_lines": [5, 6, 7, 8, 10, 13, 16, 49, 53, 59, 75, 80, 104, 124, 150, 231], "summary": {"covered_lines": 16, "num_statements": 16, "percent_covered": 100.0, "percent_covered_display": "100", "missing_lines": 0, "excluded_lines": 0, "percent_statements_covered": 100.0, "percent_statements_covered_display": "100"}, "missing_lines": [], "excluded_lines": [], "start_line": 1}}, "classes": {"ETAEstimator": {"executed_lines": [30, 31, 32, 35, 38, 41, 44, 47, 51, 55, 56, 57, 70, 71, 72, 73, 77, 78, 86, 87, 89, 90, 91, 92, 93, 95, 96, 98, 99, 101, 102, 114, 115, 117, 118, 119, 121, 122, 131, 132, 135, 136, 138, 139, 140, 142, 143, 144, 146, 147, 148, 167, 173, 174, 176, 177, 178, 179, 180, 181, 184, 185, 188, 189, 190, 191, 192, 193, 194, 197, 198, 199, 201, 204, 207, 208, 210, 212, 214, 216, 217, 218, 221, 222, 224, 229, 233, 234, 235, 236, 237], "summary": {"covered_lines": 91, "num_statements": 91, "percent_covered": 100.0, "percent_covered_display": "100", "missing_lines": 0, "excluded_lines": 0, "percent_statements_covered": 100.0, "percent_statements_covered_display": "100"}, "missing_lines": [], "excluded_lines": [], "start_line": 13}, "": {"executed_lines": [5, 6, 7, 8, 10, 13, 16, 49, 53, 59, 75, 80, 104, 124, 150, 231], "summary": {"covered_lines": 16, "num_statements": 16, "percent_covered": 100.0, "percent_covered_display": "100", "missing_lines": 0, "excluded_lines": 0, "percent_statements_covered": 100.0, "percent_statements_covered_display": "100"}, "missing_lines": [], "excluded_lines": [], "start_line": 1}}}, "services\\file_service.py": {"executed_lines": [6, 7, 8, 9, 11, 12, 13, 19, 22, 24, 27, 30, 31, 32, 34, 36, 37, 43, 57, 63, 66, 67, 68, 73, 74, 75, 79, 80, 81, 83, 92, 93, 94, 99, 110, 111, 112, 113, 118, 129, 130, 131, 136, 146, 147, 148, 150, 152, 162, 163, 164, 165, 167, 168, 169, 171, 172, 174, 184, 185, 186, 187, 188, 190, 192, 194, 196, 197, 198, 200, 201, 202, 203, 204, 205, 208], "summary": {"covered_lines": 76, "num_statements": 91, "percent_covered": 83.51648351648352, "percent_covered_display": "84", "missing_lines": 15, "excluded_lines": 0, "percent_statements_covered": 83.51648351648352, "percent_statements_covered_display": "84"}, "missing_lines": [38, 39, 41, 76, 95, 96, 97, 114, 115, 116, 132, 133, 134, 206, 207], "excluded_lines": [], "functions": {"FileService.__init__": {"executed_lines": [31, 32], "summary": {"covered_lines": 2, "num_statements": 2, "percent_covered": 100.0, "percent_covered_display": "100", "missing_lines": 0, "excluded_lines": 0, "percent_statements_covered": 100.0, "percent_statements_covered_display": "100"}, "missing_lines": [], "excluded_lines": [], "start_line": 30}, "FileService._validate_encodings": {"executed_lines": [36, 37], "summary": {"covered_lines": 2, "num_statements": 5, "percent_covered": 40.0, "percent_covered_display": "40", "missing_lines": 3, "excluded_lines": 0, "percent_statements_covered": 40.0, "percent_statements_covered_display": "40"}, "missing_lines": [38, 39, 41], "excluded_lines": [], "start_line": 34}, "FileService.read_text_file": {"executed_lines": [57, 63, 66, 67, 68, 73, 74, 75, 79, 80, 81], "summary": {"covered_lines": 11, "num_statements": 12, "percent_covered": 91.66666666666667, "percent_covered_display": "92", "missing_lines": 1, "excluded_lines": 0, "percent_statements_covered": 91.66666666666667, "percent_statements_covered_display": "92"}, "missing_lines": [76], "excluded_lines": [], "start_line": 43}, "FileService.write_text_file": {"executed_lines": [92, 93, 94], "summary": {"covered_lines": 3, "num_statements": 6, "percent_covered": 50.0, "percent_covered_display": "50", "missing_lines": 3, "excluded_lines": 0, "percent_statements_covered": 50.0, "percent_statements_covered_display": "50"}, "missing_lines": [95, 96, 97], "excluded_lines": [], "start_line": 83}, "FileService.read_json_file": {"executed_lines": [110, 111, 112, 113], "summary": {"covered_lines": 4, "num_statements": 7, "percent_covered": 57.142857142857146, "percent_covered_display": "57", "missing_lines": 3, "excluded_lines": 0, "percent_statements_covered": 57.142857142857146, "percent_statements_covered_display": "57"}, "missing_lines": [114, 115, 116], "excluded_lines": [], "start_line": 99}, "FileService.write_json_file": {"executed_lines": [129, 130, 131], "summary": {"covered_lines": 3, "num_statements": 6, "percent_covered": 50.0, "percent_covered_display": "50", "missing_lines": 3, "excluded_lines": 0, "percent_statements_covered": 50.0, "percent_statements_covered_display": "50"}, "missing_lines": [132, 133, 134], "excluded_lines": [], "start_line": 118}, "FileService.ensure_output_directory": {"executed_lines": [146, 147, 148, 150], "summary": {"covered_lines": 4, "num_statements": 4, "percent_covered": 100.0, "percent_covered_display": "100", "missing_lines": 0, "excluded_lines": 0, "percent_statements_covered": 100.0, "percent_statements_covered_display": "100"}, "missing_lines": [], "excluded_lines": [], "start_line": 136}, "FileService.list_txt_files": {"executed_lines": [162, 163, 164, 165, 167, 168, 169, 171, 172], "summary": {"covered_lines": 9, "num_statements": 9, "percent_covered": 100.0, "percent_covered_display": "100", "missing_lines": 0, "excluded_lines": 0, "percent_statements_covered": 100.0, "percent_statements_covered_display": "100"}, "missing_lines": [], "excluded_lines": [], "start_line": 152}, "FileService.get_file_size": {"executed_lines": [184, 185, 186, 187, 188], "summary": {"covered_lines": 5, "num_statements": 5, "percent_covered": 100.0, "percent_covered_display": "100", "missing_lines": 0, "excluded_lines": 0, "percent_statements_covered": 100.0, "percent_statements_covered_display": "100"}, "missing_lines": [], "excluded_lines": [], "start_line": 174}, "FileService.get_file_info": {"executed_lines": [192], "summary": {"covered_lines": 1, "num_statements": 1, "percent_covered": 100.0, "percent_covered_display": "100", "missing_lines": 0, "excluded_lines": 0, "percent_statements_covered": 100.0, "percent_statements_covered_display": "100"}, "missing_lines": [], "excluded_lines": [], "start_line": 190}, "FileService.remove_backups": {"executed_lines": [196, 197, 198, 200, 201, 202, 203, 204, 205, 208], "summary": {"covered_lines": 10, "num_statements": 12, "percent_covered": 83.33333333333333, "percent_covered_display": "83", "missing_lines": 2, "excluded_lines": 0, "percent_statements_covered": 83.33333333333333, "percent_statements_covered_display": "83"}, "missing_lines": [206, 207], "excluded_lines": [], "start_line": 194}, "": {"executed_lines": [6, 7, 8, 9, 11, 12, 13, 19, 22, 24, 27, 30, 34, 43, 83, 99, 118, 136, 152, 174, 190, 194], "summary": {"covered_lines": 22, "num_statements": 22, "percent_covered": 100.0, "percent_covered_display": "100", "missing_lines": 0, "excluded_lines": 0, "percent_statements_covered": 100.0, "percent_statements_covered_display": "100"}, "missing_lines": [], "excluded_lines": [], "start_line": 1}}, "classes": {"FileService": {"executed_lines": [31, 32, 36, 37, 57, 63, 66, 67, 68, 73, 74, 75, 79, 80, 81, 92, 93, 94, 110, 111, 112, 113, 129, 130, 131, 146, 147, 148, 150, 162, 163, 164, 165, 167, 168, 169, 171, 172, 184, 185, 186, 187, 188, 192, 196, 197, 198, 200, 201, 202, 203, 204, 205, 208], "summary": {"covered_lines": 54, "num_statements": 69, "percent_covered": 78.26086956521739, "percent_covered_display": "78", "missing_lines": 15, "excluded_lines": 0, "percent_statements_covered": 78.26086956521739, "percent_statements_covered_display": "78"}, "missing_lines": [38, 39, 41, 76, 95, 96, 97, 114, 115, 116, 132, 133, 134, 206, 207], "excluded_lines": [], "start_line": 27}, "": {"executed_lines": [6, 7, 8, 9, 11, 12, 13, 19, 22, 24, 27, 30, 34, 43, 83, 99, 118, 136, 152, 174, 190, 194], "summary": {"covered_lines": 22, "num_statements": 22, "percent_covered": 100.0, "percent_covered_display": "100", "missing_lines": 0, "excluded_lines": 0, "percent_statements_covered": 100.0, "percent_statements_covered_display": "100"}, "missing_lines": [], "excluded_lines": [], "start_line": 1}}}, "services\\llm_service.py": {"executed_lines": [6, 7, 8, 9, 10, 11, 12, 13, 14, 16, 18, 19, 21, 24, 27, 31, 43, 44, 47, 48, 49, 50, 51, 54, 57, 58, 59, 60, 61, 62, 64, 66, 67, 69, 70, 75, 80, 82, 83, 85, 87, 88, 90, 91, 92, 95, 98, 99, 100, 101, 102, 104, 105, 109, 110, 114, 116, 119, 120, 123, 124, 125, 126, 127, 129, 130, 131, 134, 136, 137, 139, 141, 142, 143, 145, 147, 151, 153, 154, 157, 158, 159, 172, 175, 176, 177, 179, 180, 181, 191, 192, 195, 197, 198, 219, 222, 223, 224, 226, 227, 229, 232, 233, 236, 241, 248, 261, 305, 308, 357, 404, 407, 433, 491, 494, 532, 622, 624, 626, 627], "summary": {"covered_lines": 120, "num_statements": 333, "percent_covered": 36.03603603603604, "percent_covered_display": "36", "missing_lines": 213, "excluded_lines": 0, "percent_statements_covered": 36.03603603603604, "percent_statements_covered_display": "36"}, "missing_lines": [28, 35, 36, 37, 38, 39, 40, 73, 74, 78, 107, 112, 148, 149, 161, 162, 163, 164, 165, 168, 169, 182, 183, 184, 185, 188, 189, 202, 203, 204, 205, 206, 207, 208, 211, 212, 213, 214, 215, 216, 217, 234, 243, 244, 245, 246, 250, 251, 252, 253, 254, 255, 257, 258, 259, 263, 264, 271, 278, 279, 282, 283, 285, 287, 288, 289, 290, 291, 292, 294, 295, 298, 299, 302, 310, 311, 314, 317, 324, 328, 347, 348, 350, 351, 354, 355, 359, 361, 363, 366, 367, 375, 376, 377, 378, 383, 384, 386, 388, 389, 392, 393, 395, 396, 398, 399, 401, 409, 410, 413, 414, 415, 417, 418, 419, 421, 426, 428, 429, 430, 431, 435, 437, 438, 449, 450, 451, 457, 464, 465, 468, 469, 471, 473, 475, 476, 477, 478, 479, 481, 482, 484, 485, 488, 496, 497, 500, 501, 502, 505, 508, 509, 510, 513, 514, 515, 517, 518, 520, 521, 522, 523, 525, 527, 528, 529, 530, 534, 536, 538, 545, 552, 553, 564, 567, 570, 571, 572, 573, 575, 582, 583, 584, 587, 588, 590, 592, 593, 594, 595, 596, 597, 598, 600, 601, 604, 606, 607, 609, 610, 612, 613, 615, 616, 618, 619, 628, 629, 630, 631, 632, 633, 635], "excluded_lines": [], "functions": {"ContentFilterError.__init__": {"executed_lines": [], "summary": {"covered_lines": 0, "num_statements": 1, "percent_covered": 0.0, "percent_covered_display": "0", "missing_lines": 1, "excluded_lines": 0, "percent_statements_covered": 0.0, "percent_statements_covered_display": "0"}, "missing_lines": [28], "excluded_lines": [], "start_line": 27}, "_httpx_proxy_kwargs": {"executed_lines": [], "summary": {"covered_lines": 0, "num_statements": 6, "percent_covered": 0.0, "percent_covered_display": "0", "missing_lines": 6, "excluded_lines": 0, "percent_statements_covered": 0.0, "percent_statements_covered_display": "0"}, "missing_lines": [35, 36, 37, 38, 39, 40], "excluded_lines": [], "start_line": 31}, "CircuitBreaker.__init__": {"executed_lines": [58, 59, 60, 61, 62], "summary": {"covered_lines": 5, "num_statements": 5, "percent_covered": 100.0, "percent_covered_display": "100", "missing_lines": 0, "excluded_lines": 0, "percent_statements_covered": 100.0, "percent_statements_covered_display": "100"}, "missing_lines": [], "excluded_lines": [], "start_line": 57}, "CircuitBreaker.call_allowed": {"executed_lines": [66, 67, 69, 70, 75], "summary": {"covered_lines": 5, "num_statements": 8, "percent_covered": 62.5, "percent_covered_display": "62", "missing_lines": 3, "excluded_lines": 0, "percent_statements_covered": 62.5, "percent_statements_covered_display": "62"}, "missing_lines": [73, 74, 78], "excluded_lines": [], "start_line": 64}, "CircuitBreaker.record_success": {"executed_lines": [82, 83], "summary": {"covered_lines": 2, "num_statements": 2, "percent_covered": 100.0, "percent_covered_display": "100", "missing_lines": 0, "excluded_lines": 0, "percent_statements_covered": 100.0, "percent_statements_covered_display": "100"}, "missing_lines": [], "excluded_lines": [], "start_line": 80}, "CircuitBreaker.record_failure": {"executed_lines": [87, 88, 90, 91, 92], "summary": {"covered_lines": 5, "num_statements": 5, "percent_covered": 100.0, "percent_covered_display": "100", "missing_lines": 0, "excluded_lines": 0, "percent_statements_covered": 100.0, "percent_statements_covered_display": "100"}, "missing_lines": [], "excluded_lines": [], "start_line": 85}, "LLMService.__init__": {"executed_lines": [99, 100, 101, 102], "summary": {"covered_lines": 4, "num_statements": 4, "percent_covered": 100.0, "percent_covered_display": "100", "missing_lines": 0, "excluded_lines": 0, "percent_statements_covered": 100.0, "percent_statements_covered_display": "100"}, "missing_lines": [], "excluded_lines": [], "start_line": 98}, "LLMService._init_client": {"executed_lines": [], "summary": {"covered_lines": 0, "num_statements": 1, "percent_covered": 0.0, "percent_covered_display": "0", "missing_lines": 1, "excluded_lines": 0, "percent_statements_covered": 0.0, "percent_statements_covered_display": "0"}, "missing_lines": [107], "excluded_lines": [], "start_line": 105}, "LLMService._call_api": {"executed_lines": [], "summary": {"covered_lines": 0, "num_statements": 1, "percent_covered": 0.0, "percent_covered_display": "0", "missing_lines": 1, "excluded_lines": 0, "percent_statements_covered": 0.0, "percent_statements_covered_display": "0"}, "missing_lines": [112], "excluded_lines": [], "start_line": 110}, "LLMService.call": {"executed_lines": [116, 119, 120, 123, 124, 125, 126, 127, 129, 130, 131, 134, 136, 137, 139, 141, 142, 143, 145, 147, 151, 153, 154, 157, 158, 159], "summary": {"covered_lines": 26, "num_statements": 35, "percent_covered": 74.28571428571429, "percent_covered_display": "74", "missing_lines": 9, "excluded_lines": 0, "percent_statements_covered": 74.28571428571429, "percent_statements_covered_display": "74"}, "missing_lines": [148, 149, 161, 162, 163, 164, 165, 168, 169], "excluded_lines": [], "start_line": 114}, "OpenAIService.get_http_client": {"executed_lines": [181, 191, 192, 195], "summary": {"covered_lines": 4, "num_statements": 10, "percent_covered": 40.0, "percent_covered_display": "40", "missing_lines": 6, "excluded_lines": 0, "percent_statements_covered": 40.0, "percent_statements_covered_display": "40"}, "missing_lines": [182, 183, 184, 185, 188, 189], "excluded_lines": [], "start_line": 180}, "OpenAIService.close_http_clients": {"executed_lines": [], "summary": {"covered_lines": 0, "num_statements": 14, "percent_covered": 0.0, "percent_covered_display": "0", "missing_lines": 14, "excluded_lines": 0, "percent_statements_covered": 0.0, "percent_statements_covered_display": "0"}, "missing_lines": [202, 203, 204, 205, 206, 207, 208, 211, 212, 213, 214, 215, 216, 217], "excluded_lines": [], "start_line": 198}, "OpenAIService._init_client": {"executed_lines": [222, 223, 224, 226, 227, 229, 232, 233, 236, 241], "summary": {"covered_lines": 10, "num_statements": 15, "percent_covered": 66.66666666666667, "percent_covered_display": "67", "missing_lines": 5, "excluded_lines": 0, "percent_statements_covered": 66.66666666666667, "percent_statements_covered_display": "67"}, "missing_lines": [234, 243, 244, 245, 246], "excluded_lines": [], "start_line": 219}, "OpenAIService._cleanup_on_exit": {"executed_lines": [], "summary": {"covered_lines": 0, "num_statements": 9, "percent_covered": 0.0, "percent_covered_display": "0", "missing_lines": 9, "excluded_lines": 0, "percent_statements_covered": 0.0, "percent_statements_covered_display": "0"}, "missing_lines": [250, 251, 252, 253, 254, 255, 257, 258, 259], "excluded_lines": [], "start_line": 248}, "OpenAIService._call_api": {"executed_lines": [], "summary": {"covered_lines": 0, "num_statements": 19, "percent_covered": 0.0, "percent_covered_display": "0", "missing_lines": 19, "excluded_lines": 0, "percent_statements_covered": 0.0, "percent_statements_covered_display": "0"}, "missing_lines": [263, 264, 271, 278, 279, 282, 283, 285, 287, 288, 289, 290, 291, 292, 294, 295, 298, 299, 302], "excluded_lines": [], "start_line": 261}, "GeminiService._init_client": {"executed_lines": [], "summary": {"covered_lines": 0, "num_statements": 12, "percent_covered": 0.0, "percent_covered_display": "0", "missing_lines": 12, "excluded_lines": 0, "percent_statements_covered": 0.0, "percent_statements_covered_display": "0"}, "missing_lines": [310, 311, 314, 317, 324, 328, 347, 348, 350, 351, 354, 355], "excluded_lines": [], "start_line": 308}, "GeminiService._call_api": {"executed_lines": [], "summary": {"covered_lines": 0, "num_statements": 21, "percent_covered": 0.0, "percent_covered_display": "0", "missing_lines": 21, "excluded_lines": 0, "percent_statements_covered": 0.0, "percent_statements_covered_display": "0"}, "missing_lines": [359, 361, 363, 366, 367, 375, 376, 377, 378, 383, 384, 386, 388, 389, 392, 393, 395, 396, 398, 399, 401], "excluded_lines": [], "start_line": 357}, "ZhipuService._init_client": {"executed_lines": [], "summary": {"covered_lines": 0, "num_statements": 14, "percent_covered": 0.0, "percent_covered_display": "0", "missing_lines": 14, "excluded_lines": 0, "percent_statements_covered": 0.0, "percent_statements_covered_display": "0"}, "missing_lines": [409, 410, 413, 414, 415, 417, 418, 419, 421, 426, 428, 429, 430, 431], "excluded_lines": [], "start_line": 407}, "ZhipuService._call_api": {"executed_lines": [], "summary": {"covered_lines": 0, "num_statements": 23, "percent_covered": 0.0, "percent_covered_display": "0", "missing_lines": 23, "excluded_lines": 0, "percent_statements_covered": 0.0, "percent_statements_covered_display": "0"}, "missing_lines": [435, 437, 438, 449, 450, 451, 457, 464, 465, 468, 469, 471, 473, 475, 476, 477, 478, 479, 481, 482, 484, 485, 488], "excluded_lines": [], "start_line": 433}, "AiHubMixService._init_client": {"executed_lines": [], "summary": {"covered_lines": 0, "num_statements": 23, "percent_covered": 0.0, "percent_covered_display": "0", "missing_lines": 23, "excluded_lines": 0, "percent_statements_covered": 0.0, "percent_statements_covered_display": "0"}, "missing_lines": [496, 497, 500, 501, 502, 505, 508, 509, 510, 513, 514, 515, 517, 518, 520, 521, 522, 523, 525, 527, 528, 529, 530], "excluded_lines": [], "start_line": 494}, "AiHubMixService._call_api": {"executed_lines": [], "summary": {"covered_lines": 0, "num_statements": 39, "percent_covered": 0.0, "percent_covered_display": "0", "missing_lines": 39, "excluded_lines": 0, "percent_statements_covered": 0.0, "percent_statements_covered_display": "0"}, "missing_lines": [534, 536, 538, 545, 552, 553, 564, 567, 570, 571, 572, 573, 575, 582, 583, 584, 587, 588, 590, 592, 593, 594, 595, 596, 597, 598, 600, 601, 604, 606, 607, 609, 610, 612, 613, 615, 616, 618, 619], "excluded_lines": [], "start_line": 532}, "create_llm_service": {"executed_lines": [624, 626, 627], "summary": {"covered_lines": 3, "num_statements": 10, "percent_covered": 30.0, "percent_covered_display": "30", "missing_lines": 7, "excluded_lines": 0, "percent_statements_covered": 30.0, "percent_statements_covered_display": "30"}, "missing_lines": [628, 629, 630, 631, 632, 633, 635], "excluded_lines": [], "start_line": 622}, "": {"executed_lines": [6, 7, 8, 9, 10, 11, 12, 13, 14, 16, 18, 19, 21, 24, 27, 31, 43, 44, 47, 48, 49, 50, 51, 54, 57, 64, 80, 85, 95, 98, 104, 105, 109, 110, 114, 172, 175, 176, 177, 179, 180, 197, 198, 219, 248, 261, 305, 308, 357, 404, 407, 433, 491, 494, 532, 622], "summary": {"covered_lines": 56, "num_statements": 56, "percent_covered": 100.0, "percent_covered_display": "100", "missing_lines": 0, "excluded_lines": 0, "percent_statements_covered": 100.0, "percent_statements_covered_display": "100"}, "missing_lines": [], "excluded_lines": [], "start_line": 1}}, "classes": {"ContentFilterError": {"executed_lines": [], "summary": {"covered_lines": 0, "num_statements": 1, "percent_covered": 0.0, "percent_covered_display": "0", "missing_lines": 1, "excluded_lines": 0, "percent_statements_covered": 0.0, "percent_statements_covered_display": "0"}, "missing_lines": [28], "excluded_lines": [], "start_line": 24}, "LLMResponse": {"executed_lines": [], "summary": {"covered_lines": 0, "num_statements": 0, "percent_covered": 100.0, "percent_covered_display": "100", "missing_lines": 0, "excluded_lines": 0, "percent_statements_covered": 100.0, "percent_statements_covered_display": "100"}, "missing_lines": [], "excluded_lines": [], "start_line": 44}, "CircuitBreaker": {"executed_lines": [58, 59, 60, 61, 62, 66, 67, 69, 70, 75, 82, 83, 87, 88, 90, 91, 92], "summary": {"covered_lines": 17, "num_statements": 20, "percent_covered": 85.0, "percent_covered_display": "85", "missing_lines": 3, "excluded_lines": 0, "percent_statements_covered": 85.0, "percent_statements_covered_display": "85"}, "missing_lines": [73, 74, 78], "excluded_lines": [], "start_line": 54}, "LLMService": {"executed_lines": [99, 100, 101, 102, 116, 119, 120, 123, 124, 125, 126, 127, 129, 130, 131, 134, 136, 137, 139, 141, 142, 143, 145, 147, 151, 153, 154, 157, 158, 159], "summary": {"covered_lines": 30, "num_statements": 41, "percent_covered": 73.17073170731707, "percent_covered_display": "73", "missing_lines": 11, "excluded_lines": 0, "percent_statements_covered": 73.17073170731707, "percent_statements_covered_display": "73"}, "missing_lines": [107, 112, 148, 149, 161, 162, 163, 164, 165, 168, 169], "excluded_lines": [], "start_line": 95}, "OpenAIService": {"executed_lines": [181, 191, 192, 195, 222, 223, 224, 226, 227, 229, 232, 233, 236, 241], "summary": {"covered_lines": 14, "num_statements": 67, "percent_covered": 20.895522388059703, "percent_covered_display": "21", "missing_lines": 53, "excluded_lines": 0, "percent_statements_covered": 20.895522388059703, "percent_statements_covered_display": "21"}, "missing_lines": [182, 183, 184, 185, 188, 189, 202, 203, 204, 205, 206, 207, 208, 211, 212, 213, 214, 215, 216, 217, 234, 243, 244, 245, 246, 250, 251, 252, 253, 254, 255, 257, 258, 259, 263, 264, 271, 278, 279, 282, 283, 285, 287, 288, 289, 290, 291, 292, 294, 295, 298, 299, 302], "excluded_lines": [], "start_line": 172}, "GeminiService": {"executed_lines": [], "summary": {"covered_lines": 0, "num_statements": 33, "percent_covered": 0.0, "percent_covered_display": "0", "missing_lines": 33, "excluded_lines": 0, "percent_statements_covered": 0.0, "percent_statements_covered_display": "0"}, "missing_lines": [310, 311, 314, 317, 324, 328, 347, 348, 350, 351, 354, 355, 359, 361, 363, 366, 367, 375, 376, 377, 378, 383, 384, 386, 388, 389, 392, 393, 395, 396, 398, 399, 401], "excluded_lines": [], "start_line": 305}, "ZhipuService": {"executed_lines": [], "summary": {"covered_lines": 0, "num_statements": 37, "percent_covered": 0.0, "percent_covered_display": "0", "missing_lines": 37, "excluded_lines": 0, "percent_statements_covered": 0.0, "percent_statements_covered_display": "0"}, "missing_lines": [409, 410, 413, 414, 415, 417, 418, 419, 421, 426, 428, 429, 430, 431, 435, 437, 438, 449, 450, 451, 457, 464, 465, 468, 469, 471, 473, 475, 476, 477, 478, 479, 481, 482, 484, 485, 488], "excluded_lines": [], "start_line": 404}, "AiHubMixService": {"executed_lines": [], "summary": {"covered_lines": 0, "num_statements": 62, "percent_covered": 0.0, "percent_covered_display": "0", "missing_lines": 62, "excluded_lines": 0, "percent_statements_covered": 0.0, "percent_statements_covered_display": "0"}, "missing_lines": [496, 497, 500, 501, 502, 505, 508, 509, 510, 513, 514, 515, 517, 518, 520, 521, 522, 523, 525, 527, 528, 529, 530, 534, 536, 538, 545, 552, 553, 564, 567, 570, 571, 572, 573, 575, 582, 583, 584, 587, 588, 590, 592, 593, 594, 595, 596, 597, 598, 600, 601, 604, 606, 607, 609, 610, 612, 613, 615, 616, 618, 619], "excluded_lines": [], "start_line": 491}, "": {"executed_lines": [6, 7, 8, 9, 10, 11, 12, 13, 14, 16, 18, 19, 21, 24, 27, 31, 43, 44, 47, 48, 49, 50, 51, 54, 57, 64, 80, 85, 95, 98, 104, 105, 109, 110, 114, 172, 175, 176, 177, 179, 180, 197, 198, 219, 248, 261, 305, 308, 357, 404, 407, 433, 491, 494, 532, 622, 624, 626, 627], "summary": {"covered_lines": 59, "num_statements": 72, "percent_covered": 81.94444444444444, "percent_covered_display": "82", "missing_lines": 13, "excluded_lines": 0, "percent_statements_covered": 81.94444444444444, "percent_statements_covered_display": "82"}, "missing_lines": [35, 36, 37, 38, 39, 40, 628, 629, 630, 631, 632, 633, 635], "excluded_lines": [], "start_line": 1}}}, "services\\novel_processing_service.py": {"executed_lines": [6, 7, 8, 9, 10, 11, 12, 14, 15, 16, 17, 18, 19, 20, 21, 22, 23, 24, 26, 29, 30, 33, 36, 41, 42, 43, 44, 45, 46, 47, 48, 50, 51, 52, 54, 56, 61, 63, 72, 75, 76, 77, 79, 80, 81, 83, 84, 88, 103, 104, 105, 108, 109, 110, 112, 114, 115, 116, 117, 119, 122, 125, 126, 128, 130, 135, 138, 139, 140, 141, 146, 151, 152, 157, 158, 159, 160, 169, 170, 172, 174, 175, 178, 183, 184, 187, 193, 194, 196, 209, 212, 213, 214, 215, 216, 217, 219, 221, 222, 223, 224, 225, 226, 227, 228, 230, 258, 266, 267, 270, 271, 275, 280, 283, 284, 285, 289, 312, 313, 314, 315, 316, 318, 319, 321, 325, 327, 334, 337, 338, 339, 340, 341, 342, 345, 351, 354, 357, 358, 359, 360, 363, 364, 365, 368, 369, 370, 371, 374, 375, 376, 377, 378, 379, 381, 384, 390, 396, 398, 407, 409, 410, 412, 416, 420, 421, 422, 538, 546, 549, 550, 553, 554, 556, 557, 559, 560, 562, 565, 568, 569, 572, 575, 578, 579, 580, 581, 582, 583, 585, 586, 588, 591, 592, 593, 602, 603, 604, 607, 609, 610, 615, 618, 620, 622, 624, 625, 626, 628, 629, 631, 632, 633, 634, 636, 638, 639, 646, 648, 650, 654, 655, 656, 658, 660, 661, 662, 665, 666, 667, 670, 671, 672, 673, 674, 677, 688, 689, 694, 699, 700, 702, 704, 706, 707, 709, 711, 712, 713, 716, 718, 737, 744, 745, 748, 749, 750, 843, 847, 850, 851, 852, 855, 858, 859, 862, 863, 864, 865, 868, 876, 877, 879, 881, 883, 897, 904, 914, 917, 918, 919, 920, 924, 925, 927, 929, 931, 932, 933, 934, 937, 938, 940, 941, 944, 950, 962, 963, 964, 965, 966, 967, 968, 969, 970, 971, 972, 973, 975, 976], "summary": {"covered_lines": 310, "num_statements": 508, "percent_covered": 61.023622047244096, "percent_covered_display": "61", "missing_lines": 198, "excluded_lines": 0, "percent_statements_covered": 61.023622047244096, "percent_statements_covered_display": "61"}, "missing_lines": [73, 118, 148, 149, 179, 180, 188, 189, 190, 210, 211, 232, 233, 234, 237, 238, 239, 240, 241, 250, 252, 253, 255, 256, 272, 290, 292, 293, 298, 299, 300, 301, 304, 305, 306, 307, 308, 309, 310, 335, 346, 372, 373, 385, 386, 388, 391, 392, 393, 394, 401, 402, 403, 404, 417, 424, 425, 426, 427, 430, 431, 432, 434, 435, 436, 438, 441, 444, 445, 448, 449, 450, 453, 456, 459, 462, 463, 466, 469, 472, 476, 478, 479, 481, 482, 483, 484, 486, 487, 488, 491, 493, 496, 498, 499, 502, 503, 506, 508, 511, 512, 513, 517, 519, 523, 525, 526, 527, 529, 530, 533, 534, 589, 590, 594, 595, 599, 714, 719, 720, 721, 722, 723, 724, 726, 729, 730, 753, 754, 757, 758, 759, 762, 763, 764, 765, 766, 767, 768, 771, 772, 774, 775, 778, 779, 781, 783, 784, 787, 788, 789, 792, 795, 796, 797, 800, 801, 804, 805, 806, 809, 810, 811, 814, 815, 817, 818, 819, 822, 823, 824, 825, 826, 829, 831, 832, 833, 836, 837, 839, 840, 841, 848, 887, 888, 889, 890, 891, 892, 893, 894, 895, 899, 900, 902, 915, 977, 979], "excluded_lines": [], "functions": {"NovelProcessi
[...]
ments_covered": 72.91666666666667, "percent_statements_covered_display": "73"}, "missing_lines": [52, 66, 81, 86, 93, 94, 95, 96, 114, 134, 141, 156, 224, 239, 240, 242, 243, 246, 247, 249, 255, 267, 270, 271, 273, 279], "excluded_lines": [], "start_line": 1}}}, "web_api.py": {"executed_lines": [12, 13, 14, 15, 16, 17, 18, 19, 20, 21, 22, 24, 25, 26, 28, 29, 30, 31, 33, 35, 36, 37, 42, 44, 47, 48, 49, 50, 52, 54, 56, 59, 62, 65, 66, 68, 69, 70, 71, 73, 75, 76, 77, 80, 81, 82, 85, 86, 88, 89, 90, 91, 92, 93, 94, 97, 99, 100, 102, 103, 106, 107, 108, 111, 114, 117, 118, 119, 120, 121, 122, 123, 124, 125, 126, 127, 128, 130, 132, 133, 142, 143, 145, 146, 149, 203, 216, 223, 233, 235, 236, 256, 273, 301, 302, 324, 325, 334, 335, 336, 338, 339, 342, 343, 344, 345, 346, 347, 350, 353, 354, 355, 358, 360, 361, 362, 363, 364, 366, 367, 373, 374, 405, 484, 536, 537, 538, 539, 540, 542, 543, 546, 548, 549, 550, 552, 553, 556, 557, 558, 560, 561, 562, 565, 566, 567, 568, 569, 570, 581, 582, 584, 585, 586, 589, 590, 592, 593, 595, 596, 597, 598, 600, 601, 602, 605, 606, 608, 609, 611, 612, 614, 615, 617, 618, 619, 620, 621, 622, 623, 625, 632, 633, 647, 648, 650, 651, 652, 655, 656, 670, 671, 673, 674, 675, 678], "summary": {"covered_lines": 196, "num_statements": 423, "percent_covered": 46.335697399527184, "percent_covered_display": "46", "missing_lines": 227, "excluded_lines": 0, "percent_statements_covered": 46.335697399527184, "percent_statements_covered_display": "46"}, "missing_lines": [51, 53, 74, 87, 101, 136, 137, 138, 159, 162, 178, 179, 180, 183, 184, 185, 187, 190, 191, 192, 193, 194, 195, 196, 200, 205, 206, 207, 208, 209, 210, 211, 212, 213, 219, 220, 225, 226, 227, 228, 229, 230, 238, 240, 241, 246, 247, 248, 249, 250, 251, 252, 253, 258, 259, 260, 261, 263, 264, 266, 267, 268, 269, 270, 279, 280, 282, 284, 285, 286, 287, 288, 289, 290, 291, 293, 294, 295, 297, 298, 304, 305, 308, 309, 311, 313, 314, 315, 316, 317, 318, 319, 321, 351, 365, 376, 377, 379, 381, 382, 384, 386, 387, 389, 390, 391, 393, 394, 395, 396, 397, 399, 400, 402, 406, 407, 408, 409, 410, 412, 413, 414, 415, 416, 417, 418, 419, 420, 421, 422, 424, 425, 426, 427, 428, 429, 430, 431, 435, 437, 438, 439, 440, 441, 442, 445, 446, 447, 448, 449, 451, 454, 456, 457, 458, 459, 460, 461, 462, 463, 464, 465, 466, 467, 468, 469, 470, 472, 473, 474, 475, 476, 478, 479, 480, 481, 486, 488, 489, 491, 492, 496, 497, 498, 500, 501, 502, 503, 506, 507, 508, 509, 510, 512, 515, 517, 519, 521, 522, 523, 524, 525, 527, 528, 529, 530, 531, 532, 533, 541, 559, 635, 636, 638, 639, 641, 642, 644, 658, 659, 661, 662, 664, 665, 667, 679, 681], "excluded_lines": [], "functions": {"_load_cors_origins": {"executed_lines": [44, 47, 48, 49, 50, 52, 54, 56], "summary": {"covered_lines": 8, "num_statements": 10, "percent_covered": 80.0, "percent_covered_display": "80", "missing_lines": 2, "excluded_lines": 0, "percent_statements_covered": 80.0, "percent_statements_covered_display": "80"}, "missing_lines": [51, 53], "excluded_lines": [], "start_line": 42}, "RateLimiter.__init__": {"executed_lines": [66], "summary": {"covered_lines": 1, "num_statements": 1, "percent_covered": 100.0, "percent_covered_display": "100", "missing_lines": 0, "excluded_lines": 0, "percent_statements_covered": 100.0, "percent_statements_covered_display": "100"}, "missing_lines": [], "excluded_lines": [], "start_line": 65}, "RateLimiter.check_rate_limit": {"executed_lines": [69, 70, 71, 73, 75, 76, 77], "summary": {"covered_lines": 7, "num_statements": 8, "percent_covered": 87.5, "percent_covered_display": "88", "missing_lines": 1, "excluded_lines": 0, "percent_statements_covered": 87.5, "percent_statements_covered_display": "88"}, "missing_lines": [74], "excluded_lines": [], "start_line": 68}, "load_env_file": {"executed_lines": [86, 88, 89, 90, 91, 92, 93, 94], "summary": {"covered_lines": 8, "num_statements": 9, "percent_covered": 88.88888888888889, "percent_covered_display": "89", "missing_lines": 1, "excluded_lines": 0, "percent_statements_covered": 88.88888888888889, "percent_statements_covered_display": "89"}, "missing_lines": [87], "excluded_lines": [], "start_line": 85}, "mask_value": {"executed_lines": [99, 100, 102, 103], "summary": {"covered_lines": 4, "num_statements": 5, "percent_covered": 80.0, "percent_covered_display": "80", "missing_lines": 1, "excluded_lines": 0, "percent_statements_covered": 80.0, "percent_statements_covered_display": "80"}, "missing_lines": [101], "excluded_lines": [], "start_line": 97}, "Job.log": {"executed_lines": [132, 133], "summary": {"covered_lines": 2, "num_statements": 5, "percent_covered": 40.0, "percent_covered_display": "40", "missing_lines": 3, "excluded_lines": 0, "percent_statements_covered": 40.0, "percent_statements_covered_display": "40"}, "missing_lines": [136, 137, 138], "excluded_lines": [], "start_line": 130}, "_update_progress_from_info": {"executed_lines": [], "summary": {"covered_lines": 0, "num_statements": 17, "percent_covered": 0.0, "percent_covered_display": "0", "missing_lines": 17, "excluded_lines": 0, "percent_statements_covered": 0.0, "percent_statements_covered_display": "0"}, "missing_lines": [159, 162, 178, 179, 180, 183, 184, 185, 187, 190, 191, 192, 193, 194, 195, 196, 200], "excluded_lines": [], "start_line": 149}, "_periodic_job_cleanup": {"executed_lines": [], "summary": {"covered_lines": 0, "num_statements": 9, "percent_covered": 0.0, "percent_covered_display": "0", "missing_lines": 9, "excluded_lines": 0, "percent_statements_covered": 0.0, "percent_statements_covered_display": "0"}, "missing_lines": [205, 206, 207, 208, 209, 210, 211, 212, 213], "excluded_lines": [], "start_line": 203}, "startup_cleanup_task": {"executed_lines": [], "summary": {"covered_lines": 0, "num_statements": 2, "percent_covered": 0.0, "percent_covered_display": "0", "missing_lines": 2, "excluded_lines": 0, "percent_statements_covered": 0.0, "percent_statements_covered_display": "0"}, "missing_lines": [219, 220], "excluded_lines": [], "start_line": 216}, "cleanup_expired_jobs": {"executed_lines": [], "summary": {"covered_lines": 0, "num_statements": 6, "percent_covered": 0.0, "percent_covered_display": "0", "missing_lines": 6, "excluded_lines": 0, "percent_statements_covered": 0.0, "percent_statements_covered_display": "0"}, "missing_lines": [225, 226, 227, 228, 229, 230], "excluded_lines": [], "start_line": 223}, "cleanup_excess_jobs": {"executed_lines": [235, 236], "summary": {"covered_lines": 2, "num_statements": 12, "percent_covered": 16.666666666666668, "percent_covered_display": "17", "missing_lines": 10, "excluded_lines": 0, "percent_statements_covered": 16.666666666666668, "percent_statements_covered_display": "17"}, "missing_lines": [238, 240, 246, 247, 248, 249, 250, 251, 252, 253], "excluded_lines": [], "start_line": 233}, "cleanup_excess_jobs._by_age": {"executed_lines": [], "summary": {"covered_lines": 0, "num_statements": 1, "percent_covered": 0.0, "percent_covered_display": "0", "missing_lines": 1, "excluded_lines": 0, "percent_statements_covered": 0.0, "percent_statements_covered_display": "0"}, "missing_lines": [241], "excluded_lines": [], "start_line": 240}, "_resolve_upload_path": {"executed_lines": [], "summary": {"covered_lines": 0, "num_statements": 11, "percent_covered": 0.0, "percent_covered_display": "0", "missing_lines": 11, "excluded_lines": 0, "percent_statements_covered": 0.0, "percent_statements_covered_display": "0"}, "missing_lines": [258, 259, 260, 261, 263, 264, 266, 267, 268, 269, 270], "excluded_lines": [], "start_line": 256}, "cleanup_uploads": {"executed_lines": [], "summary": {"covered_lines": 0, "num_statements": 16, "percent_covered": 0.0, "percent_covered_display": "0", "missing_lines": 16, "excluded_lines": 0, "percent_statements_covered": 0.0, "percent_statements_covered_display": "0"}, "missing_lines": [279, 280, 282, 284, 285, 286, 287, 288, 289, 290, 291, 293, 294, 295, 297, 298], "excluded_lines": [], "start_line": 273}, "lifespan": {"executed_lines": [], "summary": {"covered_lines": 0, "num_statements": 13, "percent_covered": 0.0, "percent_covered_display": "0", "missing_lines": 13, "excluded_lines": 0, "percent_statements_covered": 0.0, "percent_statements_covered_display": "0"}, "missing_lines": [304, 305, 308, 309, 311, 313, 314, 315, 316, 317, 318, 319, 321], "excluded_lines": [], "start_line": 302}, "get_env": {"executed_lines": [336, 338, 339], "summary": {"covered_lines": 3, "num_statements": 3, "percent_covered": 100.0, "percent_covered_display": "100", "missing_lines": 0, "excluded_lines": 0, "percent_statements_covered": 100.0, "percent_statements_covered_display": "100"}, "missing_lines": [], "excluded_lines": [], "start_line": 335}, "upload_file": {"executed_lines": [344, 345, 346, 347, 350, 353, 354, 355, 358, 360, 361, 362, 363, 364, 366, 367], "summary": {"covered_lines": 16, "num_statements": 18, "percent_covered": 88.88888888888889, "percent_covered_display": "89", "missing_lines": 2, "excluded_lines": 0, "percent_statements_covered": 88.88888888888889, "percent_statements_covered_display": "89"}, "missing_lines": [351, 365], "excluded_lines": [], "start_line": 343}, "upload_multiple_files": {"executed_lines": [], "summary": {"covered_lines": 0, "num_statements": 19, "percent_covered": 0.0, "percent_covered_display": "0", "missing_lines": 19, "excluded_lines": 0, "percent_statements_covered": 0.0, "percent_statements_covered_display": "0"}, "missing_lines": [376, 377, 379, 381, 382, 384, 386, 387, 389, 390, 391, 393, 394, 395, 396, 397, 399, 400, 402], "excluded_lines": [], "start_line": 374}, "_run_job": {"executed_lines": [], "summary": {"covered_lines": 0, "num_statements": 43, "percent_covered": 0.0, "percent_covered_display": "0", "missing_lines": 43, "excluded_lines": 0, "percent_statements_covered": 0.0, "percent_statements_covered_display": "0"}, "missing_lines": [406, 407, 408, 409, 410, 412, 437, 438, 439, 440, 441, 442, 445, 446, 447, 448, 449, 451, 454, 456, 457, 458, 459, 460, 461, 462, 463, 464, 465, 466, 467, 468, 469, 470, 472, 473, 474, 475, 476, 478, 479, 480, 481], "excluded_lines": [], "start_line": 405}, "_run_job.handle_progress": {"executed_lines": [], "summary": {"covered_lines": 0, "num_statements": 19, "percent_covered": 0.0, "percent_covered_display": "0", "missing_lines": 19, "excluded_lines": 0, "percent_statements_covered": 0.0, "percent_statements_covered_display": "0"}, "missing_lines": [413, 414, 415, 416, 417, 418, 419, 420, 421, 422, 424, 425, 426, 427, 428, 429, 430, 431, 435], "excluded_lines": [], "start_line": 412}, "run_queue_task": {"executed_lines": [], "summary": {"covered_lines": 0, "num_statements": 32, "percent_covered": 0.0, "percent_covered_display": "0", "missing_lines": 32, "excluded_lines": 0, "percent_statements_covered": 0.0, "percent_statements_covered_display": "0"}, "missing_lines": [486, 488, 491, 492, 496, 497, 498, 500, 501, 502, 503, 506, 507, 508, 509, 510, 512, 515, 517, 519, 521, 522, 523, 524, 525, 527, 528, 529, 530, 531, 532, 533], "excluded_lines": [], "start_line": 484}, "run_queue_task.handle_progress": {"executed_lines": [], "summary": {"covered_lines": 0, "num_statements": 1, "percent_covered": 0.0, "percent_covered_display": "0", "missing_lines": 1, "excluded_lines": 0, "percent_statements_covered": 0.0, "percent_statements_covered_display": "0"}, "missing_lines": [489], "excluded_lines": [], "start_line": 488}, "start_process": {"executed_lines": [538, 539, 540, 542, 543, 546, 548, 549, 550, 552, 553], "summary": {"covered_lines": 11, "num_statements": 12, "percent_covered": 91.66666666666667, "percent_covered_display": "92", "missing_lines": 1, "excluded_lines": 0, "percent_statements_covered": 91.66666666666667, "percent_statements_covered_display": "92"}, "missing_lines": [541], "excluded_lines": [], "start_line": 537}, "estimate": {"executed_lines": [558, 560, 561, 562], "summary": {"covered_lines": 4, "num_statements": 5, "percent_covered": 80.0, "percent_covered_display": "80", "missing_lines": 1, "excluded_lines": 0, "percent_statements_covered": 80.0, "percent_statements_covered_display": "80"}, "missing_lines": [559], "excluded_lines": [], "start_line": 557}, "get_job": {"executed_lines": [567, 568, 569, 570], "summary": {"covered_lines": 4, "num_statements": 4, "percent_covered": 100.0, "percent_covered_display": "100", "missing_lines": 0, "excluded_lines": 0, "percent_statements_covered": 100.0, "percent_statements_covered_display": "100"}, "missing_lines": [], "excluded_lines": [], "start_line": 566}, "list_queue": {"executed_lines": [584, 585, 586], "summary": {"covered_lines": 3, "num_statements": 3, "percent_covered": 100.0, "percent_covered_display": "100", "missing_lines": 0, "excluded_lines": 0, "percent_statements_covered": 100.0, "percent_statements_covered_display": "100"}, "missing_lines": [], "excluded_lines": [], "start_line": 582}, "add_to_queue": {"executed_lines": [592, 593, 595, 596, 597, 598, 600, 601, 602], "summary": {"covered_lines": 9, "num_statements": 9, "percent_covered": 100.0, "percent_covered_display": "100", "missing_lines": 0, "excluded_lines": 0, "percent_statements_covered": 100.0, "percent_statements_covered_display": "100"}, "missing_lines": [], "excluded_lines": [], "start_line": 590}, "add_multiple_to_queue": {"executed_lines": [608, 609, 611, 612, 614, 615, 617, 618, 619, 620, 621, 622, 623, 625], "summary": {"covered_lines": 14, "num_statements": 14, "percent_covered": 100.0, "percent_covered_display": "100", "missing_lines": 0, "excluded_lines": 0, "percent_statements_covered": 100.0, "percent_statements_covered_display": "100"}, "missing_lines": [], "excluded_lines": [], "start_line": 606}, "cancel_queue_task": {"executed_lines": [], "summary": {"covered_lines": 0, "num_statements": 7, "percent_covered": 0.0, "percent_covered_display": "0", "missing_lines": 7, "excluded_lines": 0, "percent_statements_covered": 0.0, "percent_statements_covered_display": "0"}, "missing_lines": [635, 636, 638, 639, 641, 642, 644], "excluded_lines": [], "start_line": 633}, "clear_queue": {"executed_lines": [650, 651, 652], "summary": {"covered_lines": 3, "num_statements": 3, "percent_covered": 100.0, "percent_covered_display": "100", "missing_lines": 0, "excluded_lines": 0, "percent_statements_covered": 100.0, "percent_statements_covered_display": "100"}, "missing_lines": [], "excluded_lines": [], "start_line": 648}, "force_complete_queue_task": {"executed_lines": [], "summary": {"covered_lines": 0, "num_statements": 7, "percent_covered": 0.0, "percent_covered_display": "0", "missing_lines": 7, "excluded_lines": 0, "percent_statements_covered": 0.0, "percent_statements_covered_display": "0"}, "missing_lines": [658, 659, 661, 662, 664, 665, 667], "excluded_lines": [], "start_line": 656}, "get_queue_stats": {"executed_lines": [673, 674, 675], "summary": {"covered_lines": 3, "num_statements": 3, "percent_covered": 100.0, "percent_covered_display": "100", "missing_lines": 0, "excluded_lines": 0, "percent_statements_covered": 100.0, "percent_statements_covered_display": "100"}, "missing_lines": [], "excluded_lines": [], "start_line": 671}, "": {"executed_lines": [12, 13, 14, 15, 16, 17, 18, 19, 20, 21, 22, 24, 25, 26, 28, 29, 30, 31, 33, 35, 36, 37, 42, 59, 62, 65, 68, 80, 81, 82, 85, 97, 106, 107, 108, 111, 114, 117, 118, 119, 120, 121, 122, 123, 124, 125, 126, 127, 128, 130, 142, 143, 145, 146, 149, 203, 216, 223, 233, 256, 273, 301, 302, 324, 325, 334, 335, 342, 343, 373, 374, 405, 484, 536, 537, 556, 557, 565, 566, 581, 582, 589, 590, 605, 606, 632, 633, 647, 648, 655, 656, 670, 671, 678], "summary": {"covered_lines": 94, "num_statements": 96, "percent_covered": 97.91666666666667, "percent_covered_display": "98", "missing_lines": 2, "excluded_lines": 0, "percent_statements_covered": 97.91666666666667, "percent_statements_covered_display": "98"}, "missing_lines": [679, 681], "excluded_lines": [], "start_line": 1}}, "classes": {"RateLimiter": {"executed_lines": [66, 69, 70, 71, 73, 75, 76, 77], "summary": {"covered_lines": 8, "num_statements": 9, "percent_covered": 88.88888888888889, "percent_covered_display": "89", "missing_lines": 1, "excluded_lines": 0, "percent_statements_covered": 88.88888888888889, "percent_statements_covered_display": "89"}, "missing_lines": [74], "excluded_lines": [], "start_line": 62}, "ProcessRequest": {"executed_lines": [], "summary": {"covered_lines": 0, "num_statements": 0, "percent_covered": 100.0, "percent_covered_display": "100", "missing_lines": 0, "excluded_lines": 0, "percent_statements_covered": 100.0, "percent_statements_covered_display": "100"}, "missing_lines": [], "excluded_lines": [], "start_line": 106}, "MultipleFilesRequest": {"executed_lines": [], "summary": {"covered_lines": 0, "num_statements": 0, "percent_covered": 100.0, "percent_covered_display": "100", "missing_lines": 0, "excluded_lines": 0, "percent_statements_covered": 100.0, "percent_statements_covered_display": "100"}, "missing_lines": [], "excluded_lines": [], "start_line": 111}, "Job": {"executed_lines": [132, 133], "summary": {"covered_lines": 2, "num_statements": 5, "percent_covered": 40.0, "percent_covered_display": "40", "missing_lines": 3, "excluded_lines": 0, "percent_statements_covered": 40.0, "percent_statements_covered_display": "40"}, "missing_lines": [136, 137, 138], "excluded_lines": [], "start_line": 118}, "": {"executed_lines": [12, 13, 14, 15, 16, 17, 18, 19, 20, 21, 22, 24, 25, 26, 28, 29, 30, 31, 33, 35, 36, 37, 42, 44, 47, 48, 49, 50, 52, 54, 56, 59, 62, 65, 68, 80, 81, 82, 85, 86, 88, 89, 90, 91, 92, 93, 94, 97, 99, 100, 102, 103, 106, 107, 108, 111, 114, 117, 118, 119, 120, 121, 122, 123, 124, 125, 126, 127, 128, 130, 142, 143, 145, 146, 149, 203, 216, 223, 233, 235, 236, 256, 273, 301, 302, 324, 325, 334, 335, 336, 338, 339, 342, 343, 344, 345, 346, 347, 350, 353, 354, 355, 358, 360, 361, 362, 363, 364, 366, 367, 373, 374, 405, 484, 536, 537, 538, 539, 540, 542, 543, 546, 548, 549, 550, 552, 553, 556, 557, 558, 560, 561, 562, 565, 566, 567, 568, 569, 570, 581, 582, 584, 585, 586, 589, 590, 592, 593, 595, 596, 597, 598, 600, 601, 602, 605, 606, 608, 609, 611, 612, 614, 615, 617, 618, 619, 620, 621, 622, 623, 625, 632, 633, 647, 648, 650, 651, 652, 655, 656, 670, 671, 673, 674, 675, 678], "summary": {"covered_lines": 186, "num_statements": 409, "percent_covered": 45.47677261613692, "percent_covered_display": "45", "missing_lines": 223, "excluded_lines": 0, "percent_statements_covered": 45.47677261613692, "percent_statements_covered_display": "45"}, "missing_lines": [51, 53, 87, 101, 159, 162, 178, 179, 180, 183, 184, 185, 187, 190, 191, 192, 193, 194, 195, 196, 200, 205, 206, 207, 208, 209, 210, 211, 212, 213, 219, 220, 225, 226, 227, 228, 229, 230, 238, 240, 241, 246, 247, 248, 249, 250, 251, 252, 253, 258, 259, 260, 261, 263, 264, 266, 267, 268, 269, 270, 279, 280, 282, 284, 285, 286, 287, 288, 289, 290, 291, 293, 294, 295, 297, 298, 304, 305, 308, 309, 311, 313, 314, 315, 316, 317, 318, 319, 321, 351, 365, 376, 377, 379, 381, 382, 384, 386, 387, 389, 390, 391, 393, 394, 395, 396, 397, 399, 400, 402, 406, 407, 408, 409, 410, 412, 413, 414, 415, 416, 417, 418, 419, 420, 421, 422, 424, 425, 426, 427, 428, 429, 430, 431, 435, 437, 438, 439, 440, 441, 442, 445, 446, 447, 448, 449, 451, 454, 456, 457, 458, 459, 460, 461, 462, 463, 464, 465, 466, 467, 468, 469, 470, 472, 473, 474, 475, 476, 478, 479, 480, 481, 486, 488, 489, 491, 492, 496, 497, 498, 500, 501, 502, 503, 506, 507, 508, 509, 510, 512, 515, 517, 519, 521, 522, 523, 524, 525, 527, 528, 529, 530, 531, 532, 533, 541, 559, 635, 636, 638, 639, 641, 642, 644, 658, 659, 661, 662, 664, 665, 667, 679, 681], "excluded_lines": [], "start_line": 1}}}}, "totals": {"covered_lines": 1830, "num_statements": 2825, "percent_covered": 64.77876106194691, "percent_covered_display": "65", "missing_lines": 995, "excluded_lines": 6, "percent_statements_covered": 64.77876106194691, "percent_statements_covered_display": "65"}}